;  LST file generated by mikroListExporter - v.2.0 
; Date/Time: 2024/02/14 10:23:33
;----------------------------------------------

;Address Opcode 	ASM
0x0000	0x2803      	GOTO       3
_main:
;ex2.c,1 :: 		void main() {
;ex2.c,2 :: 		int count = 0;
0x0003	0x1283      	BCF        STATUS, 5
0x0004	0x1303      	BCF        STATUS, 6
0x0005	0x01A2      	CLRF       main_count_L0
0x0006	0x01A3      	CLRF       main_count_L0+1
0x0007	0x3001      	MOVLW      1
0x0008	0x00A4      	MOVWF      main_direction_L0
0x0009	0x3000      	MOVLW      0
0x000A	0x00A5      	MOVWF      main_direction_L0+1
;ex2.c,4 :: 		TRISB = 0;
0x000B	0x1683      	BSF        STATUS, 5
0x000C	0x0186      	CLRF       TRISB
;ex2.c,7 :: 		while(1){
L_main0:
;ex2.c,8 :: 		PORTB = count;
0x000D	0x1283      	BCF        STATUS, 5
0x000E	0x0822      	MOVF       main_count_L0, 0
0x000F	0x0086      	MOVWF      PORTB
;ex2.c,9 :: 		delay_ms(10);
0x0010	0x301A      	MOVLW      26
0x0011	0x00FC      	MOVWF      R12
0x0012	0x30F8      	MOVLW      248
0x0013	0x00FD      	MOVWF      R13
L_main2:
0x0014	0x0BFD      	DECFSZ     R13, 1
0x0015	0x2814      	GOTO       L_main2
0x0016	0x0BFC      	DECFSZ     R12, 1
0x0017	0x2814      	GOTO       L_main2
0x0018	0x0000      	NOP
;ex2.c,11 :: 		count+=direction;
0x0019	0x0824      	MOVF       main_direction_L0, 0
0x001A	0x0722      	ADDWF      main_count_L0, 0
0x001B	0x00F1      	MOVWF      R1
0x001C	0x0823      	MOVF       main_count_L0+1, 0
0x001D	0x1803      	BTFSC      STATUS, 0
0x001E	0x3E01      	ADDLW      1
0x001F	0x0725      	ADDWF      main_direction_L0+1, 0
0x0020	0x00F2      	MOVWF      R1+1
0x0021	0x0871      	MOVF       R1, 0
0x0022	0x00A2      	MOVWF      main_count_L0
0x0023	0x0872      	MOVF       R1+1, 0
0x0024	0x00A3      	MOVWF      main_count_L0+1
;ex2.c,13 :: 		if(count==0b1111){
0x0025	0x3000      	MOVLW      0
0x0026	0x0672      	XORWF      R1+1, 0
0x0027	0x1D03      	BTFSS      STATUS, 2
0x0028	0x282B      	GOTO       L__main7
0x0029	0x300F      	MOVLW      15
0x002A	0x0671      	XORWF      R1, 0
L__main7:
0x002B	0x1D03      	BTFSS      STATUS, 2
0x002C	0x2832      	GOTO       L_main3
;ex2.c,14 :: 		direction = -1;
0x002D	0x30FF      	MOVLW      255
0x002E	0x00A4      	MOVWF      main_direction_L0
0x002F	0x30FF      	MOVLW      255
0x0030	0x00A5      	MOVWF      main_direction_L0+1
;ex2.c,15 :: 		}
0x0031	0x283E      	GOTO       L_main4
L_main3:
;ex2.c,16 :: 		else if(count == 0){
0x0032	0x3000      	MOVLW      0
0x0033	0x0623      	XORWF      main_count_L0+1, 0
0x0034	0x1D03      	BTFSS      STATUS, 2
0x0035	0x2838      	GOTO       L__main8
0x0036	0x3000      	MOVLW      0
0x0037	0x0622      	XORWF      main_count_L0, 0
L__main8:
0x0038	0x1D03      	BTFSS      STATUS, 2
0x0039	0x283E      	GOTO       L_main5
;ex2.c,17 :: 		direction = 1;
0x003A	0x3001      	MOVLW      1
0x003B	0x00A4      	MOVWF      main_direction_L0
0x003C	0x3000      	MOVLW      0
0x003D	0x00A5      	MOVWF      main_direction_L0+1
;ex2.c,18 :: 		}
L_main5:
L_main4:
;ex2.c,19 :: 		}
0x003E	0x280D      	GOTO       L_main0
;ex2.c,20 :: 		}
L_end_main:
0x003F	0x283F      	GOTO       $+0
; end of _main
Symbol List:
//** Routines locations **
//ADDRESS    SIZE    PROCEDURE
//----------------------------------------------
0x0003      [61]    _main
//** Variables locations ** 
//ADDRESS    SIZE    VARIABLE
//----------------------------------------------
0x0000       [1]    INDF
0x0003       [1]    STATUS
0x0004       [1]    FSR
0x0006       [1]    PORTB
0x000A       [1]    PCLATH
0x0020       [2]    ___DoICPAddr
0x0022       [2]    main_count_L0
0x0024       [2]    main_direction_L0
0x0070       [1]    R0
0x0071       [1]    R1
0x0072       [1]    R2
0x0073       [1]    R3
0x0074       [1]    R4
0x0075       [1]    R5
0x0076       [1]    R6
0x0077       [1]    R7
0x0078       [1]    R8
0x0079       [1]    R9
0x007A       [1]    R10
0x007B       [1]    R11
0x007C       [1]    R12
0x007D       [1]    R13
0x007E       [1]    R14
0x007F       [1]    R15
0x0086       [1]    TRISB
