;  LST file generated by mikroListExporter - v.2.0 
; Date/Time: 2024/02/28 10:13:36
;----------------------------------------------

;Address Opcode 	ASM
0x0000	0x2803      	GOTO       3
_main:
;keypad_config.c,1 :: 		void main() {
;keypad_config.c,2 :: 		TRISB = 0XF0;
0x0003	0x30F0      	MOVLW      240
0x0004	0x1683      	BSF        STATUS, 5
0x0005	0x1303      	BCF        STATUS, 6
0x0006	0x0086      	MOVWF      TRISB
;keypad_config.c,3 :: 		TRISD = 0X00;
0x0007	0x0188      	CLRF       TRISD
;keypad_config.c,4 :: 		ANSEL = ANSELH = 0X00;
0x0008	0x1703      	BSF        STATUS, 6
0x0009	0x0189      	CLRF       ANSELH
0x000A	0x0188      	CLRF       ANSEL
;keypad_config.c,6 :: 		while(1){
L_main0:
;keypad_config.c,7 :: 		PORTB.RB0=1;
0x000B	0x1283      	BCF        STATUS, 5
0x000C	0x1303      	BCF        STATUS, 6
0x000D	0x1406      	BSF        PORTB, 0
;keypad_config.c,8 :: 		if(PORTB.RB4=1)
0x000E	0x1606      	BSF        PORTB, 4
0x000F	0x1E06      	BTFSS      PORTB, 4
0x0010	0x2813      	GOTO       L_main2
;keypad_config.c,9 :: 		PORTD=0X06;
0x0011	0x3006      	MOVLW      6
0x0012	0x0088      	MOVWF      PORTD
L_main2:
;keypad_config.c,10 :: 		if(PORTB.RB5=1)
0x0013	0x1686      	BSF        PORTB, 5
0x0014	0x1E86      	BTFSS      PORTB, 5
0x0015	0x2818      	GOTO       L_main3
;keypad_config.c,11 :: 		PORTD=0X66;
0x0016	0x3066      	MOVLW      102
0x0017	0x0088      	MOVWF      PORTD
L_main3:
;keypad_config.c,12 :: 		if(PORTB.RB6=1)
0x0018	0x1706      	BSF        PORTB, 6
0x0019	0x1F06      	BTFSS      PORTB, 6
0x001A	0x281D      	GOTO       L_main4
;keypad_config.c,13 :: 		PORTD=0X07;
0x001B	0x3007      	MOVLW      7
0x001C	0x0088      	MOVWF      PORTD
L_main4:
;keypad_config.c,14 :: 		PORTB.RB0=0;
0x001D	0x1006      	BCF        PORTB, 0
;keypad_config.c,16 :: 		PORTB.RB1=1;
0x001E	0x1486      	BSF        PORTB, 1
;keypad_config.c,17 :: 		if(PORTB.RB4=1)
0x001F	0x1606      	BSF        PORTB, 4
0x0020	0x1E06      	BTFSS      PORTB, 4
0x0021	0x2824      	GOTO       L_main5
;keypad_config.c,18 :: 		PORTD=0X5B;
0x0022	0x305B      	MOVLW      91
0x0023	0x0088      	MOVWF      PORTD
L_main5:
;keypad_config.c,19 :: 		if(PORTB.RB5=1)
0x0024	0x1686      	BSF        PORTB, 5
0x0025	0x1E86      	BTFSS      PORTB, 5
0x0026	0x2829      	GOTO       L_main6
;keypad_config.c,20 :: 		PORTD=0X6D;
0x0027	0x306D      	MOVLW      109
0x0028	0x0088      	MOVWF      PORTD
L_main6:
;keypad_config.c,21 :: 		if(PORTB.RB6=1)
0x0029	0x1706      	BSF        PORTB, 6
0x002A	0x1F06      	BTFSS      PORTB, 6
0x002B	0x282E      	GOTO       L_main7
;keypad_config.c,22 :: 		PORTD=0X7F;
0x002C	0x307F      	MOVLW      127
0x002D	0x0088      	MOVWF      PORTD
L_main7:
;keypad_config.c,23 :: 		if(PORTB.RB7=1)
0x002E	0x1786      	BSF        PORTB, 7
0x002F	0x1F86      	BTFSS      PORTB, 7
0x0030	0x2833      	GOTO       L_main8
;keypad_config.c,24 :: 		PORTD=0X3f;
0x0031	0x303F      	MOVLW      63
0x0032	0x0088      	MOVWF      PORTD
L_main8:
;keypad_config.c,25 :: 		PORTB.RB1=0;
0x0033	0x1086      	BCF        PORTB, 1
;keypad_config.c,27 :: 		PORTB.RB2=1;
0x0034	0x1506      	BSF        PORTB, 2
;keypad_config.c,28 :: 		if(PORTB.RB4)
0x0035	0x1E06      	BTFSS      PORTB, 4
0x0036	0x2839      	GOTO       L_main9
;keypad_config.c,29 :: 		PORTD=0X4F;
0x0037	0x304F      	MOVLW      79
0x0038	0x0088      	MOVWF      PORTD
L_main9:
;keypad_config.c,30 :: 		if(PORTB.RB5)
0x0039	0x1E86      	BTFSS      PORTB, 5
0x003A	0x283D      	GOTO       L_main10
;keypad_config.c,31 :: 		PORTD=0X7D;
0x003B	0x307D      	MOVLW      125
0x003C	0x0088      	MOVWF      PORTD
L_main10:
;keypad_config.c,32 :: 		if(PORTB.RB6)
0x003D	0x1F06      	BTFSS      PORTB, 6
0x003E	0x2841      	GOTO       L_main11
;keypad_config.c,33 :: 		PORTD=0X07;
0x003F	0x3007      	MOVLW      7
0x0040	0x0088      	MOVWF      PORTD
L_main11:
;keypad_config.c,34 :: 		PORTB.RB2=0;
0x0041	0x1106      	BCF        PORTB, 2
;keypad_config.c,35 :: 		}
0x0042	0x280B      	GOTO       L_main0
;keypad_config.c,36 :: 		}
L_end_main:
0x0043	0x2843      	GOTO       $+0
; end of _main
Symbol List:
//** Routines locations **
//ADDRESS    SIZE    PROCEDURE
//----------------------------------------------
0x0003      [65]    _main
//** Variables locations ** 
//ADDRESS    SIZE    VARIABLE
//----------------------------------------------
0x0000       [1]    INDF
0x0003       [1]    STATUS
0x0004       [1]    FSR
0x0006       [1]    PORTB
0x0008       [1]    PORTD
0x000A       [1]    PCLATH
0x0020       [2]    ___DoICPAddr
0x0070       [1]    R0
0x0071       [1]    R1
0x0072       [1]    R2
0x0073       [1]    R3
0x0074       [1]    R4
0x0075       [1]    R5
0x0076       [1]    R6
0x0077       [1]    R7
0x0078       [1]    R8
0x0079       [1]    R9
0x007A       [1]    R10
0x007B       [1]    R11
0x007C       [1]    R12
0x007D       [1]    R13
0x007E       [1]    R14
0x007F       [1]    R15
0x0086       [1]    TRISB
0x0088       [1]    TRISD
0x0188       [1]    ANSEL
0x0189       [1]    ANSELH
