;  LST file generated by mikroListExporter - v.2.0 
; Date/Time: 2024/05/02 12:28:49
;----------------------------------------------

;Address Opcode 	ASM
0x0000	0x2A0B      	GOTO       523
_Delay_1us:
;__Lib_Delays.c,7 :: 		void Delay_1us() {
;__Lib_Delays.c,8 :: 		Delay_us(1);
0x0003	0x0000      	NOP
0x0004	0x0000      	NOP
;__Lib_Delays.c,9 :: 		}
L_end_Delay_1us:
0x0005	0x0008      	RETURN
; end of _Delay_1us
_Delay_50us:
;__Lib_Delays.c,19 :: 		void Delay_50us() {
;__Lib_Delays.c,20 :: 		Delay_us(50);
0x0006	0x3021      	MOVLW      33
0x0007	0x1283      	BCF        STATUS, 5
0x0008	0x1303      	BCF        STATUS, 6
0x0009	0x00FD      	MOVWF      R13
L_Delay_50us2:
0x000A	0x0BFD      	DECFSZ     R13, 1
0x000B	0x280A      	GOTO       L_Delay_50us2
;__Lib_Delays.c,21 :: 		}
L_end_Delay_50us:
0x000C	0x0008      	RETURN
; end of _Delay_50us
_Delay_5500us:
;__Lib_Delays.c,31 :: 		void Delay_5500us() {
;__Lib_Delays.c,32 :: 		Delay_us(5500);
0x000D	0x300F      	MOVLW      15
0x000E	0x1283      	BCF        STATUS, 5
0x000F	0x1303      	BCF        STATUS, 6
0x0010	0x00FC      	MOVWF      R12
0x0011	0x3047      	MOVLW      71
0x0012	0x00FD      	MOVWF      R13
L_Delay_5500us5:
0x0013	0x0BFD      	DECFSZ     R13, 1
0x0014	0x2813      	GOTO       L_Delay_5500us5
0x0015	0x0BFC      	DECFSZ     R12, 1
0x0016	0x2813      	GOTO       L_Delay_5500us5
0x0017	0x0000      	NOP
0x0018	0x0000      	NOP
;__Lib_Delays.c,33 :: 		}
L_end_Delay_5500us:
0x0019	0x0008      	RETURN
; end of _Delay_5500us
_Delay_10us:
;__Lib_Delays.c,11 :: 		void Delay_10us() {
;__Lib_Delays.c,12 :: 		Delay_us(10);
0x001A	0x3006      	MOVLW      6
0x001B	0x1283      	BCF        STATUS, 5
0x001C	0x1303      	BCF        STATUS, 6
0x001D	0x00FD      	MOVWF      R13
L_Delay_10us0:
0x001E	0x0BFD      	DECFSZ     R13, 1
0x001F	0x281E      	GOTO       L_Delay_10us0
0x0020	0x0000      	NOP
;__Lib_Delays.c,13 :: 		}
L_end_Delay_10us:
0x0021	0x0008      	RETURN
; end of _Delay_10us
_Keypad_Key_Press:
;__Lib_Keypad4x4.c,39 :: 		
;__Lib_Keypad4x4.c,43 :: 		
0x0022	0x1283      	BCF        STATUS, 5
0x0023	0x1303      	BCF        STATUS, 6
0x0024	0x01EB      	CLRF       Keypad_Key_Press_rslt_L0
;__Lib_Keypad4x4.c,44 :: 		
0x0025	0x01ED      	CLRF       Keypad_Key_Press_loc_L0
;__Lib_Keypad4x4.c,45 :: 		
0x0026	0x01EE      	CLRF       Keypad_Key_Press_rowcnt_L0
;__Lib_Keypad4x4.c,46 :: 		
0x0027	0x3010      	MOVLW      16
0x0028	0x00EF      	MOVWF      Keypad_Key_Press_shifter_L0
;__Lib_Keypad4x4.c,48 :: 		
L_Keypad_Key_Press0:
0x0029	0x3004      	MOVLW      4
0x002A	0x026E      	SUBWF      Keypad_Key_Press_rowcnt_L0, 0
0x002B	0x1803      	BTFSC      STATUS, 0
0x002C	0x2853      	GOTO       L_Keypad_Key_Press1
;__Lib_Keypad4x4.c,50 :: 		
0x002D	0x30F0      	MOVLW      240
0x002E	0x0086      	MOVWF      keypadPort
;__Lib_Keypad4x4.c,51 :: 		
0x002F	0x3080      	MOVLW      128
0x0030	0x00F0      	MOVWF      R0
0x0031	0x0870      	MOVF       R0, 0
0x0032	0x3E06      	ADDLW      keypadPort
0x0033	0x0084      	MOVWF      FSR
0x0034	0x096F      	COMF       Keypad_Key_Press_shifter_L0, 0
0x0035	0x00F0      	MOVWF      R0
0x0036	0x0870      	MOVF       R0, 0
0x0037	0x0080      	MOVWF      INDF
;__Lib_Keypad4x4.c,55 :: 		
0x0038	0x2003      	CALL       _Delay_1us
;__Lib_Keypad4x4.c,56 :: 		
0x0039	0x2003      	CALL       _Delay_1us
;__Lib_Keypad4x4.c,57 :: 		
0x003A	0x300F      	MOVLW      15
0x003B	0x0506      	ANDWF      keypadPort, 0
0x003C	0x00F0      	MOVWF      R0
0x003D	0x0870      	MOVF       R0, 0
0x003E	0x00EC      	MOVWF      Keypad_Key_Press_kdata_L0
;__Lib_Keypad4x4.c,58 :: 		
0x003F	0x0870      	MOVF       R0, 0
0x0040	0x1903      	BTFSC      STATUS, 2
0x0041	0x284D      	GOTO       L_Keypad_Key_Press2
;__Lib_Keypad4x4.c,60 :: 		
0x0042	0x086D      	MOVF       Keypad_Key_Press_loc_L0, 0
0x0043	0x00EB      	MOVWF      Keypad_Key_Press_rslt_L0
;__Lib_Keypad4x4.c,61 :: 		
L_Keypad_Key_Press3:
0x0044	0x086C      	MOVF       Keypad_Key_Press_kdata_L0, 0
0x0045	0x1903      	BTFSC      STATUS, 2
0x0046	0x284B      	GOTO       L_Keypad_Key_Press4
;__Lib_Keypad4x4.c,62 :: 		
0x0047	0x0CEC      	RRF        Keypad_Key_Press_kdata_L0, 1
0x0048	0x13EC      	BCF        Keypad_Key_Press_kdata_L0, 7
;__Lib_Keypad4x4.c,63 :: 		
0x0049	0x0AEB      	INCF       Keypad_Key_Press_rslt_L0, 1
;__Lib_Keypad4x4.c,64 :: 		
0x004A	0x2844      	GOTO       L_Keypad_Key_Press3
L_Keypad_Key_Press4:
;__Lib_Keypad4x4.c,66 :: 		
0x004B	0x3004      	MOVLW      4
0x004C	0x00EE      	MOVWF      Keypad_Key_Press_rowcnt_L0
;__Lib_Keypad4x4.c,67 :: 		
L_Keypad_Key_Press2:
;__Lib_Keypad4x4.c,68 :: 		
0x004D	0x0DEF      	RLF        Keypad_Key_Press_shifter_L0, 1
0x004E	0x106F      	BCF        Keypad_Key_Press_shifter_L0, 0
;__Lib_Keypad4x4.c,69 :: 		
0x004F	0x3004      	MOVLW      4
0x0050	0x07ED      	ADDWF      Keypad_Key_Press_loc_L0, 1
;__Lib_Keypad4x4.c,70 :: 		
0x0051	0x0AEE      	INCF       Keypad_Key_Press_rowcnt_L0, 1
;__Lib_Keypad4x4.c,71 :: 		
0x0052	0x2829      	GOTO       L_Keypad_Key_Press0
L_Keypad_Key_Press1:
;__Lib_Keypad4x4.c,73 :: 		
0x0053	0x086B      	MOVF       Keypad_Key_Press_rslt_L0, 0
0x0054	0x00F0      	MOVWF      R0
;__Lib_Keypad4x4.c,74 :: 		
L_end_Keypad_Key_Press:
0x0055	0x0008      	RETURN
; end of _Keypad_Key_Press
_Lcd_Cmd:
;__Lib_Lcd.c,18 :: 		
;__Lib_Lcd.c,20 :: 		
0x0056	0x1283      	BCF        STATUS, 5
0x0057	0x1303      	BCF        STATUS, 6
0x0058	0x1BEB      	BTFSC      FARG_Lcd_Cmd_out_char, 7
0x0059	0x285C      	GOTO       L__Lcd_Cmd21
0x005A	0x1188      	BCF        LCD_D7, BitPos(LCD_D7+0)
0x005B	0x285D      	GOTO       L__Lcd_Cmd22
L__Lcd_Cmd21:
0x005C	0x1588      	BSF        LCD_D7, BitPos(LCD_D7+0)
L__Lcd_Cmd22:
;__Lib_Lcd.c,21 :: 		
0x005D	0x1B6B      	BTFSC      FARG_Lcd_Cmd_out_char, 6
0x005E	0x2861      	GOTO       L__Lcd_Cmd23
0x005F	0x1108      	BCF        LCD_D6, BitPos(LCD_D6+0)
0x0060	0x2862      	GOTO       L__Lcd_Cmd24
L__Lcd_Cmd23:
0x0061	0x1508      	BSF        LCD_D6, BitPos(LCD_D6+0)
L__Lcd_Cmd24:
;__Lib_Lcd.c,22 :: 		
0x0062	0x1AEB      	BTFSC      FARG_Lcd_Cmd_out_char, 5
0x0063	0x2866      	GOTO       L__Lcd_Cmd25
0x0064	0x1088      	BCF        LCD_D5, BitPos(LCD_D5+0)
0x0065	0x2867      	GOTO       L__Lcd_Cmd26
L__Lcd_Cmd25:
0x0066	0x1488      	BSF        LCD_D5, BitPos(LCD_D5+0)
L__Lcd_Cmd26:
;__Lib_Lcd.c,23 :: 		
0x0067	0x1A6B      	BTFSC      FARG_Lcd_Cmd_out_char, 4
0x0068	0x286B      	GOTO       L__Lcd_Cmd27
0x0069	0x1008      	BCF        LCD_D4, BitPos(LCD_D4+0)
0x006A	0x286C      	GOTO       L__Lcd_Cmd28
L__Lcd_Cmd27:
0x006B	0x1408      	BSF        LCD_D4, BitPos(LCD_D4+0)
L__Lcd_Cmd28:
;__Lib_Lcd.c,25 :: 		
0x006C	0x1854      	BTFSC      __Lib_Lcd_cmd_status, BitPos(__Lib_Lcd_cmd_status+0)
0x006D	0x2870      	GOTO       L__Lcd_Cmd29
0x006E	0x1608      	BSF        LCD_RS, BitPos(LCD_RS+0)
0x006F	0x2871      	GOTO       L__Lcd_Cmd30
L__Lcd_Cmd29:
0x0070	0x1208      	BCF        LCD_RS, BitPos(LCD_RS+0)
L__Lcd_Cmd30:
;__Lib_Lcd.c,28 :: 		
0x0071	0x1688      	BSF        LCD_EN, BitPos(LCD_EN+0)
;__Lib_Lcd.c,29 :: 		
0x0072	0x2003      	CALL       _Delay_1us
;__Lib_Lcd.c,30 :: 		
0x0073	0x1288      	BCF        LCD_EN, BitPos(LCD_EN+0)
;__Lib_Lcd.c,33 :: 		
0x0074	0x19EB      	BTFSC      FARG_Lcd_Cmd_out_char, 3
0x0075	0x2878      	GOTO       L__Lcd_Cmd31
0x0076	0x1188      	BCF        LCD_D7, BitPos(LCD_D7+0)
0x0077	0x2879      	GOTO       L__Lcd_Cmd32
L__Lcd_Cmd31:
0x0078	0x1588      	BSF        LCD_D7, BitPos(LCD_D7+0)
L__Lcd_Cmd32:
;__Lib_Lcd.c,34 :: 		
0x0079	0x196B      	BTFSC      FARG_Lcd_Cmd_out_char, 2
0x007A	0x287D      	GOTO       L__Lcd_Cmd33
0x007B	0x1108      	BCF        LCD_D6, BitPos(LCD_D6+0)
0x007C	0x287E      	GOTO       L__Lcd_Cmd34
L__Lcd_Cmd33:
0x007D	0x1508      	BSF        LCD_D6, BitPos(LCD_D6+0)
L__Lcd_Cmd34:
;__Lib_Lcd.c,35 :: 		
0x007E	0x18EB      	BTFSC      FARG_Lcd_Cmd_out_char, 1
0x007F	0x2882      	GOTO       L__Lcd_Cmd35
0x0080	0x1088      	BCF        LCD_D5, BitPos(LCD_D5+0)
0x0081	0x2883      	GOTO       L__Lcd_Cmd36
L__Lcd_Cmd35:
0x0082	0x1488      	BSF        LCD_D5, BitPos(LCD_D5+0)
L__Lcd_Cmd36:
;__Lib_Lcd.c,36 :: 		
0x0083	0x186B      	BTFSC      FARG_Lcd_Cmd_out_char, 0
0x0084	0x2887      	GOTO       L__Lcd_Cmd37
0x0085	0x1008      	BCF        LCD_D4, BitPos(LCD_D4+0)
0x0086	0x2888      	GOTO       L__Lcd_Cmd38
L__Lcd_Cmd37:
0x0087	0x1408      	BSF        LCD_D4, BitPos(LCD_D4+0)
L__Lcd_Cmd38:
;__Lib_Lcd.c,38 :: 		
0x0088	0x1854      	BTFSC      __Lib_Lcd_cmd_status, BitPos(__Lib_Lcd_cmd_status+0)
0x0089	0x288C      	GOTO       L__Lcd_Cmd39
0x008A	0x1608      	BSF        LCD_RS, BitPos(LCD_RS+0)
0x008B	0x288D      	GOTO       L__Lcd_Cmd40
L__Lcd_Cmd39:
0x008C	0x1208      	BCF        LCD_RS, BitPos(LCD_RS+0)
L__Lcd_Cmd40:
;__Lib_Lcd.c,40 :: 		
0x008D	0x1688      	BSF        LCD_EN, BitPos(LCD_EN+0)
;__Lib_Lcd.c,41 :: 		
0x008E	0x2003      	CALL       _Delay_1us
;__Lib_Lcd.c,42 :: 		
0x008F	0x1288      	BCF        LCD_EN, BitPos(LCD_EN+0)
;__Lib_Lcd.c,44 :: 		
0x0090	0x1C54      	BTFSS      __Lib_Lcd_cmd_status, BitPos(__Lib_Lcd_cmd_status+0)
0x0091	0x2894      	GOTO       L_Lcd_Cmd0
;__Lib_Lcd.c,45 :: 		
0x0092	0x200D      	CALL       _Delay_5500us
0x0093	0x2895      	GOTO       L_Lcd_Cmd1
L_Lcd_Cmd0:
;__Lib_Lcd.c,47 :: 		
0x0094	0x2006      	CALL       _Delay_50us
L_Lcd_Cmd1:
;__Lib_Lcd.c,48 :: 		
L_end_Lcd_Cmd:
0x0095	0x0008      	RETURN
; end of _Lcd_Cmd
_____DoICP:
;__Lib_System.c,6 :: 		
;__Lib_System.c,9 :: 		
0x0096	0x1283      	BCF        STATUS, 5
0x0097	0x1303      	BCF        STATUS, 6
0x0098	0x0853      	MOVF       ___DoICPAddr+1, 0
0x0099	0x008A      	MOVWF      PCLATH
;__Lib_System.c,10 :: 		
0x009A	0x0852      	MOVF       ___DoICPAddr, 0
0x009B	0x0082      	MOVWF      PCL
;__Lib_System.c,12 :: 		
L_end_____DoICP:
0x009C	0x0008      	RETURN
; end of _____DoICP
_Keypad_Key_Click:
;__Lib_Keypad4x4.c,77 :: 		
;__Lib_Keypad4x4.c,81 :: 		
0x009D	0x2022      	CALL       _Keypad_Key_Press
0x009E	0x0870      	MOVF       R0, 0
0x009F	0x00EA      	MOVWF      Keypad_Key_Click_rslt_L0
;__Lib_Keypad4x4.c,83 :: 		
L_Keypad_Key_Click5:
0x00A0	0x300F      	MOVLW      15
0x00A1	0x0506      	ANDWF      keypadPort, 0
0x00A2	0x00F0      	MOVWF      R0
0x00A3	0x1903      	BTFSC      STATUS, 2
0x00A4	0x28A7      	GOTO       L_Keypad_Key_Click6
;__Lib_Keypad4x4.c,84 :: 		
0x00A5	0x201A      	CALL       _Delay_10us
0x00A6	0x28A0      	GOTO       L_Keypad_Key_Click5
L_Keypad_Key_Click6:
;__Lib_Keypad4x4.c,86 :: 		
0x00A7	0x086A      	MOVF       Keypad_Key_Click_rslt_L0, 0
0x00A8	0x00F0      	MOVWF      R0
;__Lib_Keypad4x4.c,87 :: 		
L_end_Keypad_Key_Click:
0x00A9	0x0008      	RETURN
; end of _Keypad_Key_Click
_Lcd_Chr_CP:
;__Lib_Lcd.c,50 :: 		
;__Lib_Lcd.c,52 :: 		
0x00AA	0x1283      	BCF        STATUS, 5
0x00AB	0x1303      	BCF        STATUS, 6
0x00AC	0x1054      	BCF        __Lib_Lcd_cmd_status, BitPos(__Lib_Lcd_cmd_status+0)
;__Lib_Lcd.c,53 :: 		
0x00AD	0x086A      	MOVF       FARG_Lcd_Chr_CP_out_char, 0
0x00AE	0x00EB      	MOVWF      FARG_Lcd_Cmd_out_char
0x00AF	0x2056      	CALL       _Lcd_Cmd
;__Lib_Lcd.c,54 :: 		
0x00B0	0x1454      	BSF        __Lib_Lcd_cmd_status, BitPos(__Lib_Lcd_cmd_status+0)
;__Lib_Lcd.c,55 :: 		
L_end_Lcd_Chr_CP:
0x00B1	0x0008      	RETURN
; end of _Lcd_Chr_CP
_keypad:
;assignment_five.c,22 :: 		char keypad() {
;assignment_five.c,25 :: 		do {
L_keypad0:
;assignment_five.c,26 :: 		kp = Keypad_Key_Click(); // Store key code in kp variable
0x00B2	0x209D      	CALL       _Keypad_Key_Click
0x00B3	0x0870      	MOVF       R0, 0
0x00B4	0x00DE      	MOVWF      keypad_kp_L0
;assignment_five.c,27 :: 		} while (!kp);
0x00B5	0x0870      	MOVF       R0, 0
0x00B6	0x1903      	BTFSC      STATUS, 2
0x00B7	0x28B2      	GOTO       L_keypad0
;assignment_five.c,29 :: 		switch (kp) {
0x00B8	0x28E9      	GOTO       L_keypad3
;assignment_five.c,30 :: 		case 1: kp = '1'; break; // 1
L_keypad5:
0x00B9	0x3031      	MOVLW      49
0x00BA	0x00DE      	MOVWF      keypad_kp_L0
0x00BB	0x2929      	GOTO       L_keypad4
;assignment_five.c,31 :: 		case 2: kp = '2'; break; // 2
L_keypad6:
0x00BC	0x3032      	MOVLW      50
0x00BD	0x00DE      	MOVWF      keypad_kp_L0
0x00BE	0x2929      	GOTO       L_keypad4
;assignment_five.c,32 :: 		case 3: kp = '3'; break; // 3
L_keypad7:
0x00BF	0x3033      	MOVLW      51
0x00C0	0x00DE      	MOVWF      keypad_kp_L0
0x00C1	0x2929      	GOTO       L_keypad4
;assignment_five.c,33 :: 		case 4: kp = 'A'; break; // A (/)
L_keypad8:
0x00C2	0x3041      	MOVLW      65
0x00C3	0x00DE      	MOVWF      keypad_kp_L0
0x00C4	0x2929      	GOTO       L_keypad4
;assignment_five.c,34 :: 		case 5: kp = '4'; break; // 4
L_keypad9:
0x00C5	0x3034      	MOVLW      52
0x00C6	0x00DE      	MOVWF      keypad_kp_L0
0x00C7	0x2929      	GOTO       L_keypad4
;assignment_five.c,35 :: 		case 6: kp = '5'; break; // 5
L_keypad10:
0x00C8	0x3035      	MOVLW      53
0x00C9	0x00DE      	MOVWF      keypad_kp_L0
0x00CA	0x2929      	GOTO       L_keypad4
;assignment_five.c,36 :: 		case 7: kp = '6'; break; // 6
L_keypad11:
0x00CB	0x3036      	MOVLW      54
0x00CC	0x00DE      	MOVWF      keypad_kp_L0
0x00CD	0x2929      	GOTO       L_keypad4
;assignment_five.c,37 :: 		case 8: kp = 'B'; break; // B (*)
L_keypad12:
0x00CE	0x3042      	MOVLW      66
0x00CF	0x00DE      	MOVWF      keypad_kp_L0
0x00D0	0x2929      	GOTO       L_keypad4
;assignment_five.c,38 :: 		case 9: kp = '7'; break; // 7
L_keypad13:
0x00D1	0x3037      	MOVLW      55
0x00D2	0x00DE      	MOVWF      keypad_kp_L0
0x00D3	0x2929      	GOTO       L_keypad4
;assignment_five.c,39 :: 		case 10: kp = '8'; break; // 8
L_keypad14:
0x00D4	0x3038      	MOVLW      56
0x00D5	0x00DE      	MOVWF      keypad_kp_L0
0x00D6	0x2929      	GOTO       L_keypad4
;assignment_five.c,40 :: 		case 11: kp = '9'; break; // 9
L_keypad15:
0x00D7	0x3039      	MOVLW      57
0x00D8	0x00DE      	MOVWF      keypad_kp_L0
0x00D9	0x2929      	GOTO       L_keypad4
;assignment_five.c,41 :: 		case 12: kp = 'C'; break; // C (-)
L_keypad16:
0x00DA	0x3043      	MOVLW      67
0x00DB	0x00DE      	MOVWF      keypad_kp_L0
0x00DC	0x2929      	GOTO       L_keypad4
;assignment_five.c,42 :: 		case 13: kp = '*'; break; // *
L_keypad17:
0x00DD	0x302A      	MOVLW      42
0x00DE	0x00DE      	MOVWF      keypad_kp_L0
0x00DF	0x2929      	GOTO       L_keypad4
;assignment_five.c,43 :: 		case 14: kp = '0'; break; // 0
L_keypad18:
0x00E0	0x3030      	MOVLW      48
0x00E1	0x00DE      	MOVWF      keypad_kp_L0
0x00E2	0x2929      	GOTO       L_keypad4
;assignment_five.c,44 :: 		case 15: kp = '#'; break; // # (=)
L_keypad19:
0x00E3	0x3023      	MOVLW      35
0x00E4	0x00DE      	MOVWF      keypad_kp_L0
0x00E5	0x2929      	GOTO       L_keypad4
;assignment_five.c,45 :: 		case 16: kp = 'D'; break; // D (+)
L_keypad20:
0x00E6	0x3044      	MOVLW      68
0x00E7	0x00DE      	MOVWF      keypad_kp_L0
0x00E8	0x2929      	GOTO       L_keypad4
;assignment_five.c,46 :: 		}
L_keypad3:
0x00E9	0x085E      	MOVF       keypad_kp_L0, 0
0x00EA	0x3A01      	XORLW      1
0x00EB	0x1903      	BTFSC      STATUS, 2
0x00EC	0x28B9      	GOTO       L_keypad5
0x00ED	0x085E      	MOVF       keypad_kp_L0, 0
0x00EE	0x3A02      	XORLW      2
0x00EF	0x1903      	BTFSC      STATUS, 2
0x00F0	0x28BC      	GOTO       L_keypad6
0x00F1	0x085E      	MOVF       keypad_kp_L0, 0
0x00F2	0x3A03      	XORLW      3
0x00F3	0x1903      	BTFSC      STATUS, 2
0x00F4	0x28BF      	GOTO       L_keypad7
0x00F5	0x085E      	MOVF       keypad_kp_L0, 0
0x00F6	0x3A04      	XORLW      4
0x00F7	0x1903      	BTFSC      STATUS, 2
0x00F8	0x28C2      	GOTO       L_keypad8
0x00F9	0x085E      	MOVF       keypad_kp_L0, 0
0x00FA	0x3A05      	XORLW      5
0x00FB	0x1903      	BTFSC      STATUS, 2
0x00FC	0x28C5      	GOTO       L_keypad9
0x00FD	0x085E      	MOVF       keypad_kp_L0, 0
0x00FE	0x3A06      	XORLW      6
0x00FF	0x1903      	BTFSC      STATUS, 2
0x0100	0x28C8      	GOTO       L_keypad10
0x0101	0x085E      	MOVF       keypad_kp_L0, 0
0x0102	0x3A07      	XORLW      7
0x0103	0x1903      	BTFSC      STATUS, 2
0x0104	0x28CB      	GOTO       L_keypad11
0x0105	0x085E      	MOVF       keypad_kp_L0, 0
0x0106	0x3A08      	XORLW      8
0x0107	0x1903      	BTFSC      STATUS, 2
0x0108	0x28CE      	GOTO       L_keypad12
0x0109	0x085E      	MOVF       keypad_kp_L0, 0
0x010A	0x3A09      	XORLW      9
0x010B	0x1903      	BTFSC      STATUS, 2
0x010C	0x28D1      	GOTO       L_keypad13
0x010D	0x085E      	MOVF       keypad_kp_L0, 0
0x010E	0x3A0A      	XORLW      10
0x010F	0x1903      	BTFSC      STATUS, 2
0x0110	0x28D4      	GOTO       L_keypad14
0x0111	0x085E      	MOVF       keypad_kp_L0, 0
0x0112	0x3A0B      	XORLW      11
0x0113	0x1903      	BTFSC      STATUS, 2
0x0114	0x28D7      	GOTO       L_keypad15
0x0115	0x085E      	MOVF       keypad_kp_L0, 0
0x0116	0x3A0C      	XORLW      12
0x0117	0x1903      	BTFSC      STATUS, 2
0x0118	0x28DA      	GOTO       L_keypad16
0x0119	0x085E      	MOVF       keypad_kp_L0, 0
0x011A	0x3A0D      	XORLW      13
0x011B	0x1903      	BTFSC      STATUS, 2
0x011C	0x28DD      	GOTO       L_keypad17
0x011D	0x085E      	MOVF       keypad_kp_L0, 0
0x011E	0x3A0E      	XORLW      14
0x011F	0x1903      	BTFSC      STATUS, 2
0x0120	0x28E0      	GOTO       L_keypad18
0x0121	0x085E      	MOVF       keypad_kp_L0, 0
0x0122	0x3A0F      	XORLW      15
0x0123	0x1903      	BTFSC      STATUS, 2
0x0124	0x28E3      	GOTO       L_keypad19
0x0125	0x085E      	MOVF       keypad_kp_L0, 0
0x0126	0x3A10      	XORLW      16
0x0127	0x1903      	BTFSC      STATUS, 2
0x0128	0x28E6      	GOTO       L_keypad20
L_keypad4:
;assignment_five.c,47 :: 		return kp;
0x0129	0x085E      	MOVF       keypad_kp_L0, 0
0x012A	0x00F0      	MOVWF      R0
;assignment_five.c,48 :: 		}
L_end_keypad:
0x012B	0x0008      	RETURN
; end of _keypad
_sevenSegmentCount:
;assignment_five.c,50 :: 		void sevenSegmentCount() {
;assignment_five.c,51 :: 		char num1[10]={0x3F,0x06,0x5B,0x4F,0x66,0x6D,0x7D,0x07,0x7F};
0x012C	0x303F      	MOVLW      63
0x012D	0x1283      	BCF        STATUS, 5
0x012E	0x1303      	BCF        STATUS, 6
0x012F	0x00DE      	MOVWF      sevenSegmentCount_num1_L0
0x0130	0x3006      	MOVLW      6
0x0131	0x00DF      	MOVWF      sevenSegmentCount_num1_L0+1
0x0132	0x305B      	MOVLW      91
0x0133	0x00E0      	MOVWF      sevenSegmentCount_num1_L0+2
0x0134	0x304F      	MOVLW      79
0x0135	0x00E1      	MOVWF      sevenSegmentCount_num1_L0+3
0x0136	0x3066      	MOVLW      102
0x0137	0x00E2      	MOVWF      sevenSegmentCount_num1_L0+4
0x0138	0x306D      	MOVLW      109
0x0139	0x00E3      	MOVWF      sevenSegmentCount_num1_L0+5
0x013A	0x307D      	MOVLW      125
0x013B	0x00E4      	MOVWF      sevenSegmentCount_num1_L0+6
0x013C	0x3007      	MOVLW      7
0x013D	0x00E5      	MOVWF      sevenSegmentCount_num1_L0+7
0x013E	0x307F      	MOVLW      127
0x013F	0x00E6      	MOVWF      sevenSegmentCount_num1_L0+8
0x0140	0x01E7      	CLRF       sevenSegmentCount_num1_L0+9
0x0141	0x01E8      	CLRF       sevenSegmentCount_i_L0
0x0142	0x01E9      	CLRF       sevenSegmentCount_i_L0+1
;assignment_five.c,53 :: 		while(i < sizeof(num1)){
L_sevenSegmentCount21:
0x0143	0x3080      	MOVLW      128
0x0144	0x0669      	XORWF      sevenSegmentCount_i_L0+1, 0
0x0145	0x00F0      	MOVWF      R0
0x0146	0x3080      	MOVLW      128
0x0147	0x0270      	SUBWF      R0, 0
0x0148	0x1D03      	BTFSS      STATUS, 2
0x0149	0x294C      	GOTO       L__sevenSegmentCount39
0x014A	0x300A      	MOVLW      10
0x014B	0x0268      	SUBWF      sevenSegmentCount_i_L0, 0
L__sevenSegmentCount39:
0x014C	0x1803      	BTFSC      STATUS, 0
0x014D	0x2965      	GOTO       L_sevenSegmentCount22
;assignment_five.c,54 :: 		PORTC = num1[i];
0x014E	0x0868      	MOVF       sevenSegmentCount_i_L0, 0
0x014F	0x3E5E      	ADDLW      sevenSegmentCount_num1_L0
0x0150	0x0084      	MOVWF      FSR
0x0151	0x0800      	MOVF       INDF, 0
0x0152	0x0087      	MOVWF      PORTC
;assignment_five.c,55 :: 		delay_ms(500);
0x0153	0x3006      	MOVLW      6
0x0154	0x00FB      	MOVWF      R11
0x0155	0x3013      	MOVLW      19
0x0156	0x00FC      	MOVWF      R12
0x0157	0x30AD      	MOVLW      173
0x0158	0x00FD      	MOVWF      R13
L_sevenSegmentCount23:
0x0159	0x0BFD      	DECFSZ     R13, 1
0x015A	0x2959      	GOTO       L_sevenSegmentCount23
0x015B	0x0BFC      	DECFSZ     R12, 1
0x015C	0x2959      	GOTO       L_sevenSegmentCount23
0x015D	0x0BFB      	DECFSZ     R11, 1
0x015E	0x2959      	GOTO       L_sevenSegmentCount23
0x015F	0x0000      	NOP
0x0160	0x0000      	NOP
;assignment_five.c,56 :: 		i++;
0x0161	0x0AE8      	INCF       sevenSegmentCount_i_L0, 1
0x0162	0x1903      	BTFSC      STATUS, 2
0x0163	0x0AE9      	INCF       sevenSegmentCount_i_L0+1, 1
;assignment_five.c,57 :: 		}
0x0164	0x2943      	GOTO       L_sevenSegmentCount21
L_sevenSegmentCount22:
;assignment_five.c,58 :: 		PORTC =0x00;
0x0165	0x0187      	CLRF       PORTC
;assignment_five.c,59 :: 		}
L_end_sevenSegmentCount:
0x0166	0x0008      	RETURN
; end of _sevenSegmentCount
_Lcd_Out:
;__Lib_Lcd.c,184 :: 		
;__Lib_Lcd.c,187 :: 		
0x0167	0x2979      	GOTO       L_Lcd_Out11
;__Lib_Lcd.c,188 :: 		
L_Lcd_Out13:
0x0168	0x3080      	MOVLW      128
0x0169	0x1283      	BCF        STATUS, 5
0x016A	0x1303      	BCF        STATUS, 6
0x016B	0x00DE      	MOVWF      FARG_Lcd_Out_row
0x016C	0x298C      	GOTO       L_Lcd_Out12
;__Lib_Lcd.c,189 :: 		
L_Lcd_Out14:
0x016D	0x30C0      	MOVLW      192
0x016E	0x00DE      	MOVWF      FARG_Lcd_Out_row
0x016F	0x298C      	GOTO       L_Lcd_Out12
;__Lib_Lcd.c,190 :: 		
L_Lcd_Out15:
0x0170	0x3094      	MOVLW      148
0x0171	0x00DE      	MOVWF      FARG_Lcd_Out_row
0x0172	0x298C      	GOTO       L_Lcd_Out12
;__Lib_Lcd.c,191 :: 		
L_Lcd_Out16:
0x0173	0x30D4      	MOVLW      212
0x0174	0x00DE      	MOVWF      FARG_Lcd_Out_row
0x0175	0x298C      	GOTO       L_Lcd_Out12
;__Lib_Lcd.c,192 :: 		
L_Lcd_Out17:
0x0176	0x3080      	MOVLW      128
0x0177	0x00DE      	MOVWF      FARG_Lcd_Out_row
;__Lib_Lcd.c,193 :: 		
0x0178	0x298C      	GOTO       L_Lcd_Out12
L_Lcd_Out11:
0x0179	0x1283      	BCF        STATUS, 5
0x017A	0x1303      	BCF        STATUS, 6
0x017B	0x085E      	MOVF       FARG_Lcd_Out_row, 0
0x017C	0x3A01      	XORLW      1
0x017D	0x1903      	BTFSC      STATUS, 2
0x017E	0x2968      	GOTO       L_Lcd_Out13
0x017F	0x085E      	MOVF       FARG_Lcd_Out_row, 0
0x0180	0x3A02      	XORLW      2
0x0181	0x1903      	BTFSC      STATUS, 2
0x0182	0x296D      	GOTO       L_Lcd_Out14
0x0183	0x085E      	MOVF       FARG_Lcd_Out_row, 0
0x0184	0x3A03      	XORLW      3
0x0185	0x1903      	BTFSC      STATUS, 2
0x0186	0x2970      	GOTO       L_Lcd_Out15
0x0187	0x085E      	MOVF       FARG_Lcd_Out_row, 0
0x0188	0x3A04      	XORLW      4
0x0189	0x1903      	BTFSC      STATUS, 2
0x018A	0x2973      	GOTO       L_Lcd_Out16
0x018B	0x2976      	GOTO       L_Lcd_Out17
L_Lcd_Out12:
;__Lib_Lcd.c,194 :: 		
0x018C	0x035F      	DECF       FARG_Lcd_Out_column, 0
0x018D	0x00F0      	MOVWF      R0
0x018E	0x085E      	MOVF       FARG_Lcd_Out_row, 0
0x018F	0x07F0      	ADDWF      R0, 1
0x0190	0x0870      	MOVF       R0, 0
0x0191	0x00DE      	MOVWF      FARG_Lcd_Out_row
;__Lib_Lcd.c,196 :: 		
0x0192	0x0870      	MOVF       R0, 0
0x0193	0x00EB      	MOVWF      FARG_Lcd_Cmd_out_char
0x0194	0x2056      	CALL       _Lcd_Cmd
;__Lib_Lcd.c,197 :: 		
0x0195	0x1054      	BCF        __Lib_Lcd_cmd_status, BitPos(__Lib_Lcd_cmd_status+0)
;__Lib_Lcd.c,198 :: 		
0x0196	0x01E1      	CLRF       Lcd_Out_i_L0
;__Lib_Lcd.c,199 :: 		
L_Lcd_Out18:
0x0197	0x0861      	MOVF       Lcd_Out_i_L0, 0
0x0198	0x0760      	ADDWF      FARG_Lcd_Out_text, 0
0x0199	0x0084      	MOVWF      FSR
0x019A	0x0800      	MOVF       INDF, 0
0x019B	0x1903      	BTFSC      STATUS, 2
0x019C	0x29A5      	GOTO       L_Lcd_Out19
;__Lib_Lcd.c,200 :: 		
0x019D	0x0861      	MOVF       Lcd_Out_i_L0, 0
0x019E	0x0760      	ADDWF      FARG_Lcd_Out_text, 0
0x019F	0x0084      	MOVWF      FSR
0x01A0	0x0800      	MOVF       INDF, 0
0x01A1	0x00EA      	MOVWF      FARG_Lcd_Chr_CP_out_char
0x01A2	0x20AA      	CALL       _Lcd_Chr_CP
0x01A3	0x0AE1      	INCF       Lcd_Out_i_L0, 1
0x01A4	0x2997      	GOTO       L_Lcd_Out18
L_Lcd_Out19:
;__Lib_Lcd.c,201 :: 		
0x01A5	0x1454      	BSF        __Lib_Lcd_cmd_status, BitPos(__Lib_Lcd_cmd_status+0)
;__Lib_Lcd.c,202 :: 		
L_end_Lcd_Out:
0x01A6	0x0008      	RETURN
; end of _Lcd_Out
_Keypad_Init:
;__Lib_Keypad4x4.c,34 :: 		
;__Lib_Keypad4x4.c,35 :: 		
0x01A7	0x3080      	MOVLW      128
0x01A8	0x1283      	BCF        STATUS, 5
0x01A9	0x1303      	BCF        STATUS, 6
0x01AA	0x00F0      	MOVWF      R0
0x01AB	0x0870      	MOVF       R0, 0
0x01AC	0x3E06      	ADDLW      keypadPort
0x01AD	0x0084      	MOVWF      FSR
0x01AE	0x30FF      	MOVLW      255
0x01AF	0x0080      	MOVWF      INDF
;__Lib_Keypad4x4.c,36 :: 		
L_end_Keypad_Init:
0x01B0	0x0008      	RETURN
; end of _Keypad_Init
___CC2DW:
;__Lib_System.c,134 :: 		
;__Lib_System.c,137 :: 		
_CC2D_Loop1:
;__Lib_System.c,139 :: 		
0x01B1	0x2096      	CALL       _____DoICP
0x01B2	0x118A      	BCF        PCLATH, 3
0x01B3	0x120A      	BCF        PCLATH, 4
;__Lib_System.c,141 :: 		
0x01B4	0x0080      	MOVWF      INDF
;__Lib_System.c,142 :: 		
0x01B5	0x0A84      	INCF       FSR, 1
;__Lib_System.c,143 :: 		
0x01B6	0x0AD2      	INCF       ___DoICPAddr, 1
;__Lib_System.c,145 :: 		
0x01B7	0x1903      	BTFSC      STATUS, 2
;__Lib_System.c,146 :: 		
0x01B8	0x0AD3      	INCF       ___DoICPAddr+1, 1
;__Lib_System.c,147 :: 		
0x01B9	0x03F0      	DECF       R0, 1
;__Lib_System.c,149 :: 		
0x01BA	0x1D03      	BTFSS      STATUS, 2
;__Lib_System.c,150 :: 		
0x01BB	0x29B1      	GOTO       _CC2D_Loop1
;__Lib_System.c,152 :: 		
L_end___CC2DW:
0x01BC	0x0008      	RETURN
; end of ___CC2DW
_Lcd_Init:
;__Lib_Lcd.c,84 :: 		
;__Lib_Lcd.c,86 :: 		
0x01BD	0x1683      	BSF        STATUS, 5
0x01BE	0x1303      	BCF        STATUS, 6
0x01BF	0x1288      	BCF        LCD_EN_Direction, BitPos(LCD_EN_Direction+0)
;__Lib_Lcd.c,87 :: 		
0x01C0	0x1208      	BCF        LCD_RS_Direction, BitPos(LCD_RS_Direction+0)
;__Lib_Lcd.c,88 :: 		
0x01C1	0x1008      	BCF        LCD_D4_Direction, BitPos(LCD_D4_Direction+0)
;__Lib_Lcd.c,89 :: 		
0x01C2	0x1088      	BCF        LCD_D5_Direction, BitPos(LCD_D5_Direction+0)
;__Lib_Lcd.c,90 :: 		
0x01C3	0x1108      	BCF        LCD_D6_Direction, BitPos(LCD_D6_Direction+0)
;__Lib_Lcd.c,91 :: 		
0x01C4	0x1188      	BCF        LCD_D7_Direction, BitPos(LCD_D7_Direction+0)
;__Lib_Lcd.c,93 :: 		
0x01C5	0x1283      	BCF        STATUS, 5
0x01C6	0x1288      	BCF        LCD_EN, BitPos(LCD_EN+0)
;__Lib_Lcd.c,94 :: 		
0x01C7	0x1208      	BCF        LCD_RS, BitPos(LCD_RS+0)
;__Lib_Lcd.c,95 :: 		
0x01C8	0x1188      	BCF        LCD_D7, BitPos(LCD_D7+0)
;__Lib_Lcd.c,96 :: 		
0x01C9	0x1108      	BCF        LCD_D6, BitPos(LCD_D6+0)
;__Lib_Lcd.c,97 :: 		
0x01CA	0x1088      	BCF        LCD_D5, BitPos(LCD_D5+0)
;__Lib_Lcd.c,98 :: 		
0x01CB	0x1008      	BCF        LCD_D4, BitPos(LCD_D4+0)
;__Lib_Lcd.c,100 :: 		
0x01CC	0x200D      	CALL       _Delay_5500us
;__Lib_Lcd.c,101 :: 		
0x01CD	0x200D      	CALL       _Delay_5500us
;__Lib_Lcd.c,102 :: 		
0x01CE	0x200D      	CALL       _Delay_5500us
;__Lib_Lcd.c,105 :: 		
0x01CF	0x1488      	BSF        LCD_D5, BitPos(LCD_D5+0)
;__Lib_Lcd.c,106 :: 		
0x01D0	0x1408      	BSF        LCD_D4, BitPos(LCD_D4+0)
;__Lib_Lcd.c,107 :: 		
0x01D1	0x1688      	BSF        LCD_EN, BitPos(LCD_EN+0)
;__Lib_Lcd.c,108 :: 		
0x01D2	0x2003      	CALL       _Delay_1us
;__Lib_Lcd.c,109 :: 		
0x01D3	0x1288      	BCF        LCD_EN, BitPos(LCD_EN+0)
;__Lib_Lcd.c,110 :: 		
0x01D4	0x200D      	CALL       _Delay_5500us
;__Lib_Lcd.c,112 :: 		
0x01D5	0x1688      	BSF        LCD_EN, BitPos(LCD_EN+0)
;__Lib_Lcd.c,113 :: 		
0x01D6	0x2003      	CALL       _Delay_1us
;__Lib_Lcd.c,114 :: 		
0x01D7	0x1288      	BCF        LCD_EN, BitPos(LCD_EN+0)
;__Lib_Lcd.c,115 :: 		
0x01D8	0x200D      	CALL       _Delay_5500us
;__Lib_Lcd.c,117 :: 		
0x01D9	0x1688      	BSF        LCD_EN, BitPos(LCD_EN+0)
;__Lib_Lcd.c,118 :: 		
0x01DA	0x2003      	CALL       _Delay_1us
;__Lib_Lcd.c,119 :: 		
0x01DB	0x1288      	BCF        LCD_EN, BitPos(LCD_EN+0)
;__Lib_Lcd.c,120 :: 		
0x01DC	0x200D      	CALL       _Delay_5500us
;__Lib_Lcd.c,123 :: 		
0x01DD	0x1008      	BCF        LCD_D4, BitPos(LCD_D4+0)
;__Lib_Lcd.c,124 :: 		
0x01DE	0x1688      	BSF        LCD_EN, BitPos(LCD_EN+0)
;__Lib_Lcd.c,125 :: 		
0x01DF	0x2003      	CALL       _Delay_1us
;__Lib_Lcd.c,126 :: 		
0x01E0	0x1288      	BCF        LCD_EN, BitPos(LCD_EN+0)
;__Lib_Lcd.c,127 :: 		
0x01E1	0x200D      	CALL       _Delay_5500us
;__Lib_Lcd.c,130 :: 		
0x01E2	0x1688      	BSF        LCD_EN, BitPos(LCD_EN+0)
;__Lib_Lcd.c,131 :: 		
0x01E3	0x2003      	CALL       _Delay_1us
;__Lib_Lcd.c,132 :: 		
0x01E4	0x1288      	BCF        LCD_EN, BitPos(LCD_EN+0)
;__Lib_Lcd.c,134 :: 		
0x01E5	0x1088      	BCF        LCD_D5, BitPos(LCD_D5+0)
;__Lib_Lcd.c,135 :: 		
0x01E6	0x1588      	BSF        LCD_D7, BitPos(LCD_D7+0)
;__Lib_Lcd.c,136 :: 		
0x01E7	0x1688      	BSF        LCD_EN, BitPos(LCD_EN+0)
;__Lib_Lcd.c,137 :: 		
0x01E8	0x2003      	CALL       _Delay_1us
;__Lib_Lcd.c,138 :: 		
0x01E9	0x1288      	BCF        LCD_EN, BitPos(LCD_EN+0)
;__Lib_Lcd.c,139 :: 		
0x01EA	0x200D      	CALL       _Delay_5500us
;__Lib_Lcd.c,142 :: 		
0x01EB	0x1188      	BCF        LCD_D7, BitPos(LCD_D7+0)
;__Lib_Lcd.c,143 :: 		
0x01EC	0x1408      	BSF        LCD_D4, BitPos(LCD_D4+0)
;__Lib_Lcd.c,144 :: 		
0x01ED	0x1688      	BSF        LCD_EN, BitPos(LCD_EN+0)
;__Lib_Lcd.c,145 :: 		
0x01EE	0x2003      	CALL       _Delay_1us
;__Lib_Lcd.c,146 :: 		
0x01EF	0x1288      	BCF        LCD_EN, BitPos(LCD_EN+0)
;__Lib_Lcd.c,148 :: 		
0x01F0	0x1008      	BCF        LCD_D4, BitPos(LCD_D4+0)
;__Lib_Lcd.c,149 :: 		
0x01F1	0x1688      	BSF        LCD_EN, BitPos(LCD_EN+0)
;__Lib_Lcd.c,150 :: 		
0x01F2	0x2003      	CALL       _Delay_1us
;__Lib_Lcd.c,151 :: 		
0x01F3	0x1288      	BCF        LCD_EN, BitPos(LCD_EN+0)
;__Lib_Lcd.c,152 :: 		
0x01F4	0x200D      	CALL       _Delay_5500us
;__Lib_Lcd.c,155 :: 		
0x01F5	0x1688      	BSF        LCD_EN, BitPos(LCD_EN+0)
;__Lib_Lcd.c,156 :: 		
0x01F6	0x2003      	CALL       _Delay_1us
;__Lib_Lcd.c,157 :: 		
0x01F7	0x1288      	BCF        LCD_EN, BitPos(LCD_EN+0)
;__Lib_Lcd.c,159 :: 		
0x01F8	0x1408      	BSF        LCD_D4, BitPos(LCD_D4+0)
;__Lib_Lcd.c,160 :: 		
0x01F9	0x1688      	BSF        LCD_EN, BitPos(LCD_EN+0)
;__Lib_Lcd.c,161 :: 		
0x01FA	0x2003      	CALL       _Delay_1us
;__Lib_Lcd.c,162 :: 		
0x01FB	0x1288      	BCF        LCD_EN, BitPos(LCD_EN+0)
;__Lib_Lcd.c,163 :: 		
0x01FC	0x200D      	CALL       _Delay_5500us
;__Lib_Lcd.c,166 :: 		
0x01FD	0x1008      	BCF        LCD_D4, BitPos(LCD_D4+0)
;__Lib_Lcd.c,167 :: 		
0x01FE	0x1688      	BSF        LCD_EN, BitPos(LCD_EN+0)
;__Lib_Lcd.c,168 :: 		
0x01FF	0x2003      	CALL       _Delay_1us
;__Lib_Lcd.c,169 :: 		
0x0200	0x1288      	BCF        LCD_EN, BitPos(LCD_EN+0)
;__Lib_Lcd.c,171 :: 		
0x0201	0x1588      	BSF        LCD_D7, BitPos(LCD_D7+0)
;__Lib_Lcd.c,172 :: 		
0x0202	0x1508      	BSF        LCD_D6, BitPos(LCD_D6+0)
;__Lib_Lcd.c,173 :: 		
0x0203	0x1488      	BSF        LCD_D5, BitPos(LCD_D5+0)
;__Lib_Lcd.c,174 :: 		
0x0204	0x1408      	BSF        LCD_D4, BitPos(LCD_D4+0)
;__Lib_Lcd.c,175 :: 		
0x0205	0x1688      	BSF        LCD_EN, BitPos(LCD_EN+0)
;__Lib_Lcd.c,176 :: 		
0x0206	0x2003      	CALL       _Delay_1us
;__Lib_Lcd.c,177 :: 		
0x0207	0x1288      	BCF        LCD_EN, BitPos(LCD_EN+0)
;__Lib_Lcd.c,179 :: 		
0x0208	0x200D      	CALL       _Delay_5500us
;__Lib_Lcd.c,181 :: 		
0x0209	0x1454      	BSF        __Lib_Lcd_cmd_status, BitPos(__Lib_Lcd_cmd_status+0)
;__Lib_Lcd.c,182 :: 		
L_end_Lcd_Init:
0x020A	0x0008      	RETURN
; end of _Lcd_Init
_main:
0x020B	0x22EA      	CALL       746
;assignment_five.c,61 :: 		void main() {
;assignment_five.c,62 :: 		int i = 0;
0x020C	0x1283      	BCF        STATUS, 5
0x020D	0x1303      	BCF        STATUS, 6
0x020E	0x01DB      	CLRF       main_i_L0
0x020F	0x01DC      	CLRF       main_i_L0+1
;assignment_five.c,63 :: 		Keypad_Init(); // Initialize Keypad
0x0210	0x21A7      	CALL       _Keypad_Init
;assignment_five.c,64 :: 		ANSEL = 0; // Configure AN pins as digital I/O
0x0211	0x1683      	BSF        STATUS, 5
0x0212	0x1703      	BSF        STATUS, 6
0x0213	0x0188      	CLRF       ANSEL
;assignment_five.c,65 :: 		ANSELH = 0;
0x0214	0x0189      	CLRF       ANSELH
;assignment_five.c,66 :: 		TRISC=0X00;                      // 7 SEG 1
0x0215	0x1303      	BCF        STATUS, 6
0x0216	0x0187      	CLRF       TRISC
;assignment_five.c,67 :: 		PORTC=0X00;
0x0217	0x1283      	BCF        STATUS, 5
0x0218	0x0187      	CLRF       PORTC
;assignment_five.c,68 :: 		TRISE = 0XFF;
0x0219	0x30FF      	MOVLW      255
0x021A	0x1683      	BSF        STATUS, 5
0x021B	0x0089      	MOVWF      TRISE
;assignment_five.c,69 :: 		TRISA = 0X00;
0x021C	0x0185      	CLRF       TRISA
;assignment_five.c,70 :: 		PORTA = 0X00;
0x021D	0x1283      	BCF        STATUS, 5
0x021E	0x0185      	CLRF       PORTA
;assignment_five.c,71 :: 		Lcd_Init(); // Initialize LCD
0x021F	0x21BD      	CALL       _Lcd_Init
;assignment_five.c,72 :: 		Lcd_Cmd(_LCD_CLEAR); // Clear display
0x0220	0x3001      	MOVLW      1
0x0221	0x00EB      	MOVWF      FARG_Lcd_Cmd_out_char
0x0222	0x2056      	CALL       _Lcd_Cmd
;assignment_five.c,73 :: 		Lcd_Cmd(_LCD_CURSOR_OFF); // Cursor off
0x0223	0x300C      	MOVLW      12
0x0224	0x00EB      	MOVWF      FARG_Lcd_Cmd_out_char
0x0225	0x2056      	CALL       _Lcd_Cmd
;assignment_five.c,74 :: 		delay_ms(500);
0x0226	0x3006      	MOVLW      6
0x0227	0x00FB      	MOVWF      R11
0x0228	0x3013      	MOVLW      19
0x0229	0x00FC      	MOVWF      R12
0x022A	0x30AD      	MOVLW      173
0x022B	0x00FD      	MOVWF      R13
L_main24:
0x022C	0x0BFD      	DECFSZ     R13, 1
0x022D	0x2A2C      	GOTO       L_main24
0x022E	0x0BFC      	DECFSZ     R12, 1
0x022F	0x2A2C      	GOTO       L_main24
0x0230	0x0BFB      	DECFSZ     R11, 1
0x0231	0x2A2C      	GOTO       L_main24
0x0232	0x0000      	NOP
0x0233	0x0000      	NOP
;assignment_five.c,76 :: 		while (1) {
L_main25:
;assignment_five.c,77 :: 		LCD_OUT(1, 1, "Enter Password:");
0x0234	0x3001      	MOVLW      1
0x0235	0x00DE      	MOVWF      FARG_Lcd_Out_row
0x0236	0x3001      	MOVLW      1
0x0237	0x00DF      	MOVWF      FARG_Lcd_Out_column
0x0238	0x3042      	MOVLW      ?lstr1_assignment_five
0x0239	0x00E0      	MOVWF      FARG_Lcd_Out_text
0x023A	0x2167      	CALL       _Lcd_Out
;assignment_five.c,78 :: 		delay_ms(1000);
0x023B	0x300B      	MOVLW      11
0x023C	0x00FB      	MOVWF      R11
0x023D	0x3026      	MOVLW      38
0x023E	0x00FC      	MOVWF      R12
0x023F	0x305D      	MOVLW      93
0x0240	0x00FD      	MOVWF      R13
L_main27:
0x0241	0x0BFD      	DECFSZ     R13, 1
0x0242	0x2A41      	GOTO       L_main27
0x0243	0x0BFC      	DECFSZ     R12, 1
0x0244	0x2A41      	GOTO       L_main27
0x0245	0x0BFB      	DECFSZ     R11, 1
0x0246	0x2A41      	GOTO       L_main27
0x0247	0x0000      	NOP
0x0248	0x0000      	NOP
;assignment_five.c,79 :: 		Lcd_Cmd(_LCD_CLEAR);
0x0249	0x3001      	MOVLW      1
0x024A	0x00EB      	MOVWF      FARG_Lcd_Cmd_out_char
0x024B	0x2056      	CALL       _Lcd_Cmd
;assignment_five.c,82 :: 		while (i < 4) {
L_main28:
0x024C	0x3080      	MOVLW      128
0x024D	0x065C      	XORWF      main_i_L0+1, 0
0x024E	0x00F0      	MOVWF      R0
0x024F	0x3080      	MOVLW      128
0x0250	0x0270      	SUBWF      R0, 0
0x0251	0x1D03      	BTFSS      STATUS, 2
0x0252	0x2A55      	GOTO       L__main41
0x0253	0x3004      	MOVLW      4
0x0254	0x025B      	SUBWF      main_i_L0, 0
L__main41:
0x0255	0x1803      	BTFSC      STATUS, 0
0x0256	0x2A66      	GOTO       L_main29
;assignment_five.c,83 :: 		input[i] = keypad();
0x0257	0x085B      	MOVF       main_i_L0, 0
0x0258	0x3E55      	ADDLW      _input
0x0259	0x00DD      	MOVWF      FLOC__main
0x025A	0x20B2      	CALL       _keypad
0x025B	0x085D      	MOVF       FLOC__main, 0
0x025C	0x0084      	MOVWF      FSR
0x025D	0x0870      	MOVF       R0, 0
0x025E	0x0080      	MOVWF      INDF
;assignment_five.c,84 :: 		lcd_chr_cp('*');
0x025F	0x302A      	MOVLW      42
0x0260	0x00EA      	MOVWF      FARG_Lcd_Chr_CP_out_char
0x0261	0x20AA      	CALL       _Lcd_Chr_CP
;assignment_five.c,85 :: 		i++;
0x0262	0x0ADB      	INCF       main_i_L0, 1
0x0263	0x1903      	BTFSC      STATUS, 2
0x0264	0x0ADC      	INCF       main_i_L0+1, 1
;assignment_five.c,86 :: 		}
0x0265	0x2A4C      	GOTO       L_main28
L_main29:
;assignment_five.c,87 :: 		input[4] = '\0';
0x0266	0x01D9      	CLRF       _input+4
;assignment_five.c,90 :: 		LCD_OUT(1, 1, input);
0x0267	0x3001      	MOVLW      1
0x0268	0x00DE      	MOVWF      FARG_Lcd_Out_row
0x0269	0x3001      	MOVLW      1
0x026A	0x00DF      	MOVWF      FARG_Lcd_Out_column
0x026B	0x3055      	MOVLW      _input
0x026C	0x00E0      	MOVWF      FARG_Lcd_Out_text
0x026D	0x2167      	CALL       _Lcd_Out
;assignment_five.c,93 :: 		if (input[0] == password[0] && input[1] == password[1] && input[2] == password[2] && input[3] == password[3]) {
0x026E	0x0855      	MOVF       _input, 0
0x026F	0x062F      	XORWF      _password, 0
0x0270	0x1D03      	BTFSS      STATUS, 2
0x0271	0x2A97      	GOTO       L_main32
0x0272	0x0856      	MOVF       _input+1, 0
0x0273	0x0630      	XORWF      _password+1, 0
0x0274	0x1D03      	BTFSS      STATUS, 2
0x0275	0x2A97      	GOTO       L_main32
0x0276	0x0857      	MOVF       _input+2, 0
0x0277	0x0631      	XORWF      _password+2, 0
0x0278	0x1D03      	BTFSS      STATUS, 2
0x0279	0x2A97      	GOTO       L_main32
0x027A	0x0858      	MOVF       _input+3, 0
0x027B	0x0632      	XORWF      _password+3, 0
0x027C	0x1D03      	BTFSS      STATUS, 2
0x027D	0x2A97      	GOTO       L_main32
L__main36:
;assignment_five.c,94 :: 		LCD_OUT(2, 1, "Access Granted");
0x027E	0x3002      	MOVLW      2
0x027F	0x00DE      	MOVWF      FARG_Lcd_Out_row
0x0280	0x3001      	MOVLW      1
0x0281	0x00DF      	MOVWF      FARG_Lcd_Out_column
0x0282	0x3020      	MOVLW      ?lstr2_assignment_five
0x0283	0x00E0      	MOVWF      FARG_Lcd_Out_text
0x0284	0x2167      	CALL       _Lcd_Out
;assignment_five.c,95 :: 		PORTA.RA0 = 1;
0x0285	0x1405      	BSF        PORTA, 0
;assignment_five.c,96 :: 		sevenSegmentCount();
0x0286	0x212C      	CALL       _sevenSegmentCount
;assignment_five.c,97 :: 		delay_ms(5000);
0x0287	0x3033      	MOVLW      51
0x0288	0x00FB      	MOVWF      R11
0x0289	0x30BB      	MOVLW      187
0x028A	0x00FC      	MOVWF      R12
0x028B	0x30DF      	MOVLW      223
0x028C	0x00FD      	MOVWF      R13
L_main33:
0x028D	0x0BFD      	DECFSZ     R13, 1
0x028E	0x2A8D      	GOTO       L_main33
0x028F	0x0BFC      	DECFSZ     R12, 1
0x0290	0x2A8D      	GOTO       L_main33
0x0291	0x0BFB      	DECFSZ     R11, 1
0x0292	0x2A8D      	GOTO       L_main33
0x0293	0x0000      	NOP
0x0294	0x0000      	NOP
;assignment_five.c,98 :: 		PORTA.RA0 = 0;
0x0295	0x1005      	BCF        PORTA, 0
;assignment_five.c,99 :: 		} else {
0x0296	0x2A9F      	GOTO       L_main34
L_main32:
;assignment_five.c,100 :: 		LCD_OUT(2, 1, "Access Denied");
0x0297	0x3002      	MOVLW      2
0x0298	0x00DE      	MOVWF      FARG_Lcd_Out_row
0x0299	0x3001      	MOVLW      1
0x029A	0x00DF      	MOVWF      FARG_Lcd_Out_column
0x029B	0x3034      	MOVLW      ?lstr3_assignment_five
0x029C	0x00E0      	MOVWF      FARG_Lcd_Out_text
0x029D	0x2167      	CALL       _Lcd_Out
;assignment_five.c,101 :: 		PORTA.RA0 = 0;
0x029E	0x1005      	BCF        PORTA, 0
;assignment_five.c,102 :: 		}
L_main34:
;assignment_five.c,104 :: 		delay_ms(2000);
0x029F	0x3015      	MOVLW      21
0x02A0	0x00FB      	MOVWF      R11
0x02A1	0x304B      	MOVLW      75
0x02A2	0x00FC      	MOVWF      R12
0x02A3	0x30BE      	MOVLW      190
0x02A4	0x00FD      	MOVWF      R13
L_main35:
0x02A5	0x0BFD      	DECFSZ     R13, 1
0x02A6	0x2AA5      	GOTO       L_main35
0x02A7	0x0BFC      	DECFSZ     R12, 1
0x02A8	0x2AA5      	GOTO       L_main35
0x02A9	0x0BFB      	DECFSZ     R11, 1
0x02AA	0x2AA5      	GOTO       L_main35
0x02AB	0x0000      	NOP
;assignment_five.c,105 :: 		Lcd_Cmd(_LCD_CLEAR);
0x02AC	0x3001      	MOVLW      1
0x02AD	0x00EB      	MOVWF      FARG_Lcd_Cmd_out_char
0x02AE	0x2056      	CALL       _Lcd_Cmd
;assignment_five.c,106 :: 		i = 0; // Reset the index for the next iteration
0x02AF	0x01DB      	CLRF       main_i_L0
0x02B0	0x01DC      	CLRF       main_i_L0+1
;assignment_five.c,107 :: 		}
0x02B1	0x2A34      	GOTO       L_main25
;assignment_five.c,108 :: 		}
L_end_main:
0x02B2	0x2AB2      	GOTO       $+0
; end of _main
0x02EA	0x3020      	MOVLW      32
0x02EB	0x0084      	MOVWF      FSR
0x02EC	0x3032      	MOVLW      50
0x02ED	0x1283      	BCF        STATUS, 5
0x02EE	0x1303      	BCF        STATUS, 6
0x02EF	0x00F0      	MOVWF      R0
0x02F0	0x30B8      	MOVLW      184
0x02F1	0x00D2      	MOVWF      ___DoICPAddr
0x02F2	0x3002      	MOVLW      2
0x02F3	0x00D3      	MOVWF      83
0x02F4	0x21B1      	CALL       433
0x02F5	0x0008      	RETURN
;assignment_five.c,0 :: ?ICS?lstr2_assignment_five
0x02B8	0x3441 ;?ICS?lstr2_assignment_five+0
0x02B9	0x3463 ;?ICS?lstr2_assignment_five+1
0x02BA	0x3463 ;?ICS?lstr2_assignment_five+2
0x02BB	0x3465 ;?ICS?lstr2_assignment_five+3
0x02BC	0x3473 ;?ICS?lstr2_assignment_five+4
0x02BD	0x3473 ;?ICS?lstr2_assignment_five+5
0x02BE	0x3420 ;?ICS?lstr2_assignment_five+6
0x02BF	0x3447 ;?ICS?lstr2_assignment_five+7
0x02C0	0x3472 ;?ICS?lstr2_assignment_five+8
0x02C1	0x3461 ;?ICS?lstr2_assignment_five+9
0x02C2	0x346E ;?ICS?lstr2_assignment_five+10
0x02C3	0x3474 ;?ICS?lstr2_assignment_five+11
0x02C4	0x3465 ;?ICS?lstr2_assignment_five+12
0x02C5	0x3464 ;?ICS?lstr2_assignment_five+13
0x02C6	0x3400 ;?ICS?lstr2_assignment_five+14
; end of ?ICS?lstr2_assignment_five
;assignment_five.c,0 :: ?ICS_password
0x02C7	0x3431 ;?ICS_password+0
0x02C8	0x3432 ;?ICS_password+1
0x02C9	0x3433 ;?ICS_password+2
0x02CA	0x3434 ;?ICS_password+3
0x02CB	0x3400 ;?ICS_password+4
; end of ?ICS_password
;assignment_five.c,0 :: ?ICS?lstr3_assignment_five
0x02CC	0x3441 ;?ICS?lstr3_assignment_five+0
0x02CD	0x3463 ;?ICS?lstr3_assignment_five+1
0x02CE	0x3463 ;?ICS?lstr3_assignment_five+2
0x02CF	0x3465 ;?ICS?lstr3_assignment_five+3
0x02D0	0x3473 ;?ICS?lstr3_assignment_five+4
0x02D1	0x3473 ;?ICS?lstr3_assignment_five+5
0x02D2	0x3420 ;?ICS?lstr3_assignment_five+6
0x02D3	0x3444 ;?ICS?lstr3_assignment_five+7
0x02D4	0x3465 ;?ICS?lstr3_assignment_five+8
0x02D5	0x346E ;?ICS?lstr3_assignment_five+9
0x02D6	0x3469 ;?ICS?lstr3_assignment_five+10
0x02D7	0x3465 ;?ICS?lstr3_assignment_five+11
0x02D8	0x3464 ;?ICS?lstr3_assignment_five+12
0x02D9	0x3400 ;?ICS?lstr3_assignment_five+13
; end of ?ICS?lstr3_assignment_five
;assignment_five.c,0 :: ?ICS?lstr1_assignment_five
0x02DA	0x3445 ;?ICS?lstr1_assignment_five+0
0x02DB	0x346E ;?ICS?lstr1_assignment_five+1
0x02DC	0x3474 ;?ICS?lstr1_assignment_five+2
0x02DD	0x3465 ;?ICS?lstr1_assignment_five+3
0x02DE	0x3472 ;?ICS?lstr1_assignment_five+4
0x02DF	0x3420 ;?ICS?lstr1_assignment_five+5
0x02E0	0x3450 ;?ICS?lstr1_assignment_five+6
0x02E1	0x3461 ;?ICS?lstr1_assignment_five+7
0x02E2	0x3473 ;?ICS?lstr1_assignment_five+8
0x02E3	0x3473 ;?ICS?lstr1_assignment_five+9
0x02E4	0x3477 ;?ICS?lstr1_assignment_five+10
0x02E5	0x346F ;?ICS?lstr1_assignment_five+11
0x02E6	0x3472 ;?ICS?lstr1_assignment_five+12
0x02E7	0x3464 ;?ICS?lstr1_assignment_five+13
0x02E8	0x343A ;?ICS?lstr1_assignment_five+14
0x02E9	0x3400 ;?ICS?lstr1_assignment_five+15
; end of ?ICS?lstr1_assignment_five
Symbol List:
//** Routines locations **
//ADDRESS    SIZE    PROCEDURE
//----------------------------------------------
0x0003       [3]    _Delay_1us
0x0006       [7]    _Delay_50us
0x000D      [13]    _Delay_5500us
0x001A       [8]    _Delay_10us
0x0022      [52]    _Keypad_Key_Press
0x0056      [64]    _Lcd_Cmd
0x0096       [7]    _____DoICP
0x009D      [13]    _Keypad_Key_Click
0x00AA       [8]    _Lcd_Chr_CP
0x00B2     [122]    _keypad
0x012C      [59]    _sevenSegmentCount
0x0167      [64]    _Lcd_Out
0x01A7      [10]    _Keypad_Init
0x01B1      [12]    ___CC2DW
0x01BD      [78]    _Lcd_Init
0x020B     [167]    _main
//** Variables locations ** 
//ADDRESS    SIZE    VARIABLE
//----------------------------------------------
0x0000       [1]    INDF
0x0002       [1]    PCL
0x0003       [1]    STATUS
0x0004       [1]    FSR
0x0005       [1]    PORTA
0x0006       [1]    keypadPort
0x0006       [1]    PORTB
0x0007       [1]    PORTC
0x0008       [0]    RD1_bit
0x0008       [0]    RD2_bit
0x0008       [0]    RD0_bit
0x0008       [0]    RD3_bit
0x0008       [0]    RD4_bit
0x0008       [0]    RD5_bit
0x0008       [0]    LCD_D4
0x0008       [0]    LCD_EN
0x0008       [0]    LCD_RS
0x0008       [0]    LCD_D7
0x0008       [0]    LCD_D6
0x0008       [0]    LCD_D5
0x000A       [1]    PCLATH
0x0020      [15]    ?lstr2_assignment_five
0x002F       [5]    _password
0x0034      [14]    ?lstr3_assignment_five
0x0042      [16]    ?lstr1_assignment_five
0x0052       [2]    ___DoICPAddr
0x0054       [0]    __Lib_Lcd_cmd_status
0x0055       [6]    _input
0x005B       [2]    main_i_L0
0x005D       [1]    FLOC__main
0x005E       [1]    keypad_kp_L0
0x005E       [1]    FARG_Lcd_Out_row
0x005E      [10]    sevenSegmentCount_num1_L0
0x005F       [1]    FARG_Lcd_Out_column
0x0060       [1]    FARG_Lcd_Out_text
0x0061       [1]    Lcd_Out_i_L0
0x0068       [2]    sevenSegmentCount_i_L0
0x006A       [1]    FARG_Lcd_Chr_CP_out_char
0x006A       [1]    Keypad_Key_Click_rslt_L0
0x006B       [1]    FARG_Lcd_Cmd_out_char
0x006B       [1]    Keypad_Key_Press_rslt_L0
0x006C       [1]    Keypad_Key_Press_kdata_L0
0x006D       [1]    Keypad_Key_Press_loc_L0
0x006E       [1]    Keypad_Key_Press_rowcnt_L0
0x006F       [1]    Keypad_Key_Press_shifter_L0
0x0070       [1]    R0
0x0071       [1]    R1
0x0072       [1]    R2
0x0073       [1]    R3
0x0074       [1]    R4
0x0075       [1]    R5
0x0076       [1]    R6
0x0077       [1]    R7
0x0078       [1]    R8
0x0079       [1]    R9
0x007A       [1]    R10
0x007B       [1]    R11
0x007C       [1]    R12
0x007D       [1]    R13
0x007E       [1]    R14
0x007F       [1]    R15
0x0085       [1]    TRISA
0x0087       [1]    TRISC
0x0088       [0]    TRISD2_bit
0x0088       [0]    TRISD3_bit
0x0088       [0]    TRISD0_bit
0x0088       [0]    TRISD1_bit
0x0088       [0]    TRISD4_bit
0x0088       [0]    TRISD5_bit
0x0088       [0]    LCD_D4_Direction
0x0088       [0]    LCD_EN_Direction
0x0088       [0]    LCD_D5_Direction
0x0088       [0]    LCD_D7_Direction
0x0088       [0]    LCD_D6_Direction
0x0088       [0]    LCD_RS_Direction
0x0089       [1]    TRISE
0x0188       [1]    ANSEL
0x0189       [1]    ANSELH
//** Constants locations ** 
//ADDRESS    SIZE    CONSTANT
//----------------------------------------------
0x02B8      [15]    ?ICS?lstr2_assignment_five
0x02C7       [5]    ?ICS_password
0x02CC      [14]    ?ICS?lstr3_assignment_five
0x02DA      [16]    ?ICS?lstr1_assignment_five
