;  LST file generated by mikroListExporter - v.2.0 
; Date/Time: 2024/02/08 14:05:51
;----------------------------------------------

;Address Opcode 	ASM
0x0000	0x2803      	GOTO       3
_main:
;leds.c,1 :: 		void main() {
;leds.c,2 :: 		TRISB=0xFF;
0x0003	0x30FF      	MOVLW      255
0x0004	0x1683      	BSF        STATUS, 5
0x0005	0x1303      	BCF        STATUS, 6
0x0006	0x0086      	MOVWF      TRISB
;leds.c,3 :: 		TRISA=0x00;
0x0007	0x0185      	CLRF       TRISA
;leds.c,4 :: 		ANSEL=ANSELH=0x00;
0x0008	0x1703      	BSF        STATUS, 6
0x0009	0x0189      	CLRF       ANSELH
0x000A	0x0188      	CLRF       ANSEL
;leds.c,5 :: 		PORTA = 0;
0x000B	0x1283      	BCF        STATUS, 5
0x000C	0x1303      	BCF        STATUS, 6
0x000D	0x0185      	CLRF       PORTA
;leds.c,7 :: 		while(1){
L_main0:
;leds.c,8 :: 		if(PORTB.RB0 == 0 && PORTB.RB1 == 0 ){
0x000E	0x1806      	BTFSC      PORTB, 0
0x000F	0x283A      	GOTO       L_main4
0x0010	0x1886      	BTFSC      PORTB, 1
0x0011	0x283A      	GOTO       L_main4
L__main30:
;leds.c,10 :: 		for(i = 0; i < 8; i++){
0x0012	0x01F2      	CLRF       R2
0x0013	0x01F3      	CLRF       R2+1
L_main5:
0x0014	0x3080      	MOVLW      128
0x0015	0x0673      	XORWF      R2+1, 0
0x0016	0x00F0      	MOVWF      R0
0x0017	0x3080      	MOVLW      128
0x0018	0x0270      	SUBWF      R0, 0
0x0019	0x1D03      	BTFSS      STATUS, 2
0x001A	0x281D      	GOTO       L__main32
0x001B	0x3008      	MOVLW      8
0x001C	0x0272      	SUBWF      R2, 0
L__main32:
0x001D	0x1803      	BTFSC      STATUS, 0
0x001E	0x2839      	GOTO       L_main6
;leds.c,11 :: 		PORTA = (1 << i);
0x001F	0x0872      	MOVF       R2, 0
0x0020	0x00F1      	MOVWF      R1
0x0021	0x3001      	MOVLW      1
0x0022	0x00F0      	MOVWF      R0
0x0023	0x0871      	MOVF       R1, 0
L__main33:
0x0024	0x1903      	BTFSC      STATUS, 2
0x0025	0x282A      	GOTO       L__main34
0x0026	0x0DF0      	RLF        R0, 1
0x0027	0x1070      	BCF        R0, 0
0x0028	0x3EFF      	ADDLW      255
0x0029	0x2824      	GOTO       L__main33
L__main34:
0x002A	0x0870      	MOVF       R0, 0
0x002B	0x0085      	MOVWF      PORTA
;leds.c,12 :: 		delay_ms(10);
0x002C	0x301A      	MOVLW      26
0x002D	0x00FC      	MOVWF      R12
0x002E	0x30F8      	MOVLW      248
0x002F	0x00FD      	MOVWF      R13
L_main8:
0x0030	0x0BFD      	DECFSZ     R13, 1
0x0031	0x2830      	GOTO       L_main8
0x0032	0x0BFC      	DECFSZ     R12, 1
0x0033	0x2830      	GOTO       L_main8
0x0034	0x0000      	NOP
;leds.c,10 :: 		for(i = 0; i < 8; i++){
0x0035	0x0AF2      	INCF       R2, 1
0x0036	0x1903      	BTFSC      STATUS, 2
0x0037	0x0AF3      	INCF       R2+1, 1
;leds.c,13 :: 		}
0x0038	0x2814      	GOTO       L_main5
L_main6:
;leds.c,14 :: 		}
0x0039	0x2889      	GOTO       L_main9
L_main4:
;leds.c,15 :: 		else if(PORTB.RB0 == 0 && PORTB.RB1 == 1){
0x003A	0x1806      	BTFSC      PORTB, 0
0x003B	0x2869      	GOTO       L_main12
0x003C	0x1C86      	BTFSS      PORTB, 1
0x003D	0x2869      	GOTO       L_main12
L__main29:
;leds.c,17 :: 		for(i = 7; i >= 0; i--){
0x003E	0x3007      	MOVLW      7
0x003F	0x00F4      	MOVWF      R4
0x0040	0x3000      	MOVLW      0
0x0041	0x00F5      	MOVWF      R4+1
L_main13:
0x0042	0x3080      	MOVLW      128
0x0043	0x0675      	XORWF      R4+1, 0
0x0044	0x00F0      	MOVWF      R0
0x0045	0x3080      	MOVLW      128
0x0046	0x0270      	SUBWF      R0, 0
0x0047	0x1D03      	BTFSS      STATUS, 2
0x0048	0x284B      	GOTO       L__main35
0x0049	0x3000      	MOVLW      0
0x004A	0x0274      	SUBWF      R4, 0
L__main35:
0x004B	0x1C03      	BTFSS      STATUS, 0
0x004C	0x2868      	GOTO       L_main14
;leds.c,18 :: 		PORTA = (1 << i);
0x004D	0x0874      	MOVF       R4, 0
0x004E	0x00F1      	MOVWF      R1
0x004F	0x3001      	MOVLW      1
0x0050	0x00F0      	MOVWF      R0
0x0051	0x0871      	MOVF       R1, 0
L__main36:
0x0052	0x1903      	BTFSC      STATUS, 2
0x0053	0x2858      	GOTO       L__main37
0x0054	0x0DF0      	RLF        R0, 1
0x0055	0x1070      	BCF        R0, 0
0x0056	0x3EFF      	ADDLW      255
0x0057	0x2852      	GOTO       L__main36
L__main37:
0x0058	0x0870      	MOVF       R0, 0
0x0059	0x0085      	MOVWF      PORTA
;leds.c,19 :: 		delay_ms(10);
0x005A	0x301A      	MOVLW      26
0x005B	0x00FC      	MOVWF      R12
0x005C	0x30F8      	MOVLW      248
0x005D	0x00FD      	MOVWF      R13
L_main16:
0x005E	0x0BFD      	DECFSZ     R13, 1
0x005F	0x285E      	GOTO       L_main16
0x0060	0x0BFC      	DECFSZ     R12, 1
0x0061	0x285E      	GOTO       L_main16
0x0062	0x0000      	NOP
;leds.c,17 :: 		for(i = 7; i >= 0; i--){
0x0063	0x3001      	MOVLW      1
0x0064	0x02F4      	SUBWF      R4, 1
0x0065	0x1C03      	BTFSS      STATUS, 0
0x0066	0x03F5      	DECF       R4+1, 1
;leds.c,20 :: 		}
0x0067	0x2842      	GOTO       L_main13
L_main14:
;leds.c,21 :: 		}
0x0068	0x2889      	GOTO       L_main17
L_main12:
;leds.c,22 :: 		else if(PORTB.RB0 == 1 && PORTB.RB1 == 0){
0x0069	0x1C06      	BTFSS      PORTB, 0
0x006A	0x2870      	GOTO       L_main20
0x006B	0x1886      	BTFSC      PORTB, 1
0x006C	0x2870      	GOTO       L_main20
L__main28:
;leds.c,23 :: 		PORTA = 0xFF;
0x006D	0x30FF      	MOVLW      255
0x006E	0x0085      	MOVWF      PORTA
;leds.c,24 :: 		}
0x006F	0x2889      	GOTO       L_main21
L_main20:
;leds.c,26 :: 		else if(PORTB.RB0 == 1 && PORTB.RB1 == 1){
0x0070	0x1C06      	BTFSS      PORTB, 0
0x0071	0x2889      	GOTO       L_main24
0x0072	0x1C86      	BTFSS      PORTB, 1
0x0073	0x2889      	GOTO       L_main24
L__main27:
;leds.c,27 :: 		PORTA = 0xFF;
0x0074	0x30FF      	MOVLW      255
0x0075	0x0085      	MOVWF      PORTA
;leds.c,28 :: 		delay_ms(10);
0x0076	0x301A      	MOVLW      26
0x0077	0x00FC      	MOVWF      R12
0x0078	0x30F8      	MOVLW      248
0x0079	0x00FD      	MOVWF      R13
L_main25:
0x007A	0x0BFD      	DECFSZ     R13, 1
0x007B	0x287A      	GOTO       L_main25
0x007C	0x0BFC      	DECFSZ     R12, 1
0x007D	0x287A      	GOTO       L_main25
0x007E	0x0000      	NOP
;leds.c,29 :: 		PORTA = 0x00;
0x007F	0x0185      	CLRF       PORTA
;leds.c,30 :: 		delay_ms(10);
0x0080	0x301A      	MOVLW      26
0x0081	0x00FC      	MOVWF      R12
0x0082	0x30F8      	MOVLW      248
0x0083	0x00FD      	MOVWF      R13
L_main26:
0x0084	0x0BFD      	DECFSZ     R13, 1
0x0085	0x2884      	GOTO       L_main26
0x0086	0x0BFC      	DECFSZ     R12, 1
0x0087	0x2884      	GOTO       L_main26
0x0088	0x0000      	NOP
;leds.c,31 :: 		}
L_main24:
L_main21:
L_main17:
L_main9:
;leds.c,32 :: 		}
0x0089	0x280E      	GOTO       L_main0
;leds.c,33 :: 		}
L_end_main:
0x008A	0x288A      	GOTO       $+0
; end of _main
Symbol List:
//** Routines locations **
//ADDRESS    SIZE    PROCEDURE
//----------------------------------------------
0x0003     [136]    _main
//** Variables locations ** 
//ADDRESS    SIZE    VARIABLE
//----------------------------------------------
0x0000       [1]    INDF
0x0003       [1]    STATUS
0x0004       [1]    FSR
0x0005       [1]    PORTA
0x0006       [1]    PORTB
0x000A       [1]    PCLATH
0x0020       [2]    ___DoICPAddr
0x0070       [1]    R0
0x0071       [1]    R1
0x0072       [1]    R2
0x0073       [1]    R3
0x0074       [1]    R4
0x0075       [1]    R5
0x0076       [1]    R6
0x0077       [1]    R7
0x0078       [1]    R8
0x0079       [1]    R9
0x007A       [1]    R10
0x007B       [1]    R11
0x007C       [1]    R12
0x007D       [1]    R13
0x007E       [1]    R14
0x007F       [1]    R15
0x0085       [1]    TRISA
0x0086       [1]    TRISB
0x0188       [1]    ANSEL
0x0189       [1]    ANSELH
