;  LST file generated by mikroListExporter - v.2.0 
; Date/Time: 2/8/2024 1:33:23 PM
;----------------------------------------------

;Address Opcode 	ASM
0x0000	0x29AE      	GOTO       430
_moveToLeft:
;MyProject.c,2 :: 		void moveToLeft(){
;MyProject.c,3 :: 		PORTA=0X00;
0x0003	0x1283      	BCF        STATUS, 5
0x0004	0x1303      	BCF        STATUS, 6
0x0005	0x0185      	CLRF       PORTA
;MyProject.c,4 :: 		PORTA.RA7=1;
0x0006	0x1785      	BSF        PORTA, 7
;MyProject.c,5 :: 		DELAY_MS(delay_value);   //RA7
0x0007	0x301A      	MOVLW      26
0x0008	0x00FC      	MOVWF      R12
0x0009	0x30F8      	MOVLW      248
0x000A	0x00FD      	MOVWF      R13
L_moveToLeft0:
0x000B	0x0BFD      	DECFSZ     R13, 1
0x000C	0x280B      	GOTO       L_moveToLeft0
0x000D	0x0BFC      	DECFSZ     R12, 1
0x000E	0x280B      	GOTO       L_moveToLeft0
0x000F	0x0000      	NOP
;MyProject.c,6 :: 		PORTA.RA7=0;
0x0010	0x1385      	BCF        PORTA, 7
;MyProject.c,7 :: 		DELAY_MS(delay_value);
0x0011	0x301A      	MOVLW      26
0x0012	0x00FC      	MOVWF      R12
0x0013	0x30F8      	MOVLW      248
0x0014	0x00FD      	MOVWF      R13
L_moveToLeft1:
0x0015	0x0BFD      	DECFSZ     R13, 1
0x0016	0x2815      	GOTO       L_moveToLeft1
0x0017	0x0BFC      	DECFSZ     R12, 1
0x0018	0x2815      	GOTO       L_moveToLeft1
0x0019	0x0000      	NOP
;MyProject.c,9 :: 		if(PORTB.RB0!=0 && PORTB.RB1 !=1){
0x001A	0x1C06      	BTFSS      PORTB, 0
0x001B	0x281F      	GOTO       L_moveToLeft4
0x001C	0x1886      	BTFSC      PORTB, 1
0x001D	0x281F      	GOTO       L_moveToLeft4
L__moveToLeft99:
;MyProject.c,10 :: 		return;
0x001E	0x28C9      	GOTO       L_end_moveToLeft
;MyProject.c,11 :: 		}
L_moveToLeft4:
;MyProject.c,13 :: 		PORTA.RA6=1;
0x001F	0x1705      	BSF        PORTA, 6
;MyProject.c,14 :: 		DELAY_MS(delay_value);  // RA6
0x0020	0x301A      	MOVLW      26
0x0021	0x00FC      	MOVWF      R12
0x0022	0x30F8      	MOVLW      248
0x0023	0x00FD      	MOVWF      R13
L_moveToLeft5:
0x0024	0x0BFD      	DECFSZ     R13, 1
0x0025	0x2824      	GOTO       L_moveToLeft5
0x0026	0x0BFC      	DECFSZ     R12, 1
0x0027	0x2824      	GOTO       L_moveToLeft5
0x0028	0x0000      	NOP
;MyProject.c,15 :: 		PORTA.RA6=0;
0x0029	0x1305      	BCF        PORTA, 6
;MyProject.c,16 :: 		DELAY_MS(delay_value);
0x002A	0x301A      	MOVLW      26
0x002B	0x00FC      	MOVWF      R12
0x002C	0x30F8      	MOVLW      248
0x002D	0x00FD      	MOVWF      R13
L_moveToLeft6:
0x002E	0x0BFD      	DECFSZ     R13, 1
0x002F	0x282E      	GOTO       L_moveToLeft6
0x0030	0x0BFC      	DECFSZ     R12, 1
0x0031	0x282E      	GOTO       L_moveToLeft6
0x0032	0x0000      	NOP
;MyProject.c,18 :: 		if(PORTB.RB0!=0 && PORTB.RB1 !=1){
0x0033	0x1C06      	BTFSS      PORTB, 0
0x0034	0x2838      	GOTO       L_moveToLeft9
0x0035	0x1886      	BTFSC      PORTB, 1
0x0036	0x2838      	GOTO       L_moveToLeft9
L__moveToLeft98:
;MyProject.c,19 :: 		return;
0x0037	0x28C9      	GOTO       L_end_moveToLeft
;MyProject.c,20 :: 		}
L_moveToLeft9:
;MyProject.c,22 :: 		PORTA.RA5=1;
0x0038	0x1685      	BSF        PORTA, 5
;MyProject.c,23 :: 		DELAY_MS(delay_value);   // RA5
0x0039	0x301A      	MOVLW      26
0x003A	0x00FC      	MOVWF      R12
0x003B	0x30F8      	MOVLW      248
0x003C	0x00FD      	MOVWF      R13
L_moveToLeft10:
0x003D	0x0BFD      	DECFSZ     R13, 1
0x003E	0x283D      	GOTO       L_moveToLeft10
0x003F	0x0BFC      	DECFSZ     R12, 1
0x0040	0x283D      	GOTO       L_moveToLeft10
0x0041	0x0000      	NOP
;MyProject.c,24 :: 		PORTA.RA5=0;
0x0042	0x1285      	BCF        PORTA, 5
;MyProject.c,25 :: 		DELAY_MS(delay_value);
0x0043	0x301A      	MOVLW      26
0x0044	0x00FC      	MOVWF      R12
0x0045	0x30F8      	MOVLW      248
0x0046	0x00FD      	MOVWF      R13
L_moveToLeft11:
0x0047	0x0BFD      	DECFSZ     R13, 1
0x0048	0x2847      	GOTO       L_moveToLeft11
0x0049	0x0BFC      	DECFSZ     R12, 1
0x004A	0x2847      	GOTO       L_moveToLeft11
0x004B	0x0000      	NOP
;MyProject.c,27 :: 		if(PORTB.RB0!=0 && PORTB.RB1 !=1){
0x004C	0x1C06      	BTFSS      PORTB, 0
0x004D	0x2851      	GOTO       L_moveToLeft14
0x004E	0x1886      	BTFSC      PORTB, 1
0x004F	0x2851      	GOTO       L_moveToLeft14
L__moveToLeft97:
;MyProject.c,28 :: 		return;
0x0050	0x28C9      	GOTO       L_end_moveToLeft
;MyProject.c,29 :: 		}
L_moveToLeft14:
;MyProject.c,31 :: 		PORTA.RA4=1;
0x0051	0x1605      	BSF        PORTA, 4
;MyProject.c,32 :: 		DELAY_MS(delay_value);    //RA4
0x0052	0x301A      	MOVLW      26
0x0053	0x00FC      	MOVWF      R12
0x0054	0x30F8      	MOVLW      248
0x0055	0x00FD      	MOVWF      R13
L_moveToLeft15:
0x0056	0x0BFD      	DECFSZ     R13, 1
0x0057	0x2856      	GOTO       L_moveToLeft15
0x0058	0x0BFC      	DECFSZ     R12, 1
0x0059	0x2856      	GOTO       L_moveToLeft15
0x005A	0x0000      	NOP
;MyProject.c,33 :: 		PORTA.RA4=0;
0x005B	0x1205      	BCF        PORTA, 4
;MyProject.c,34 :: 		DELAY_MS(delay_value);
0x005C	0x301A      	MOVLW      26
0x005D	0x00FC      	MOVWF      R12
0x005E	0x30F8      	MOVLW      248
0x005F	0x00FD      	MOVWF      R13
L_moveToLeft16:
0x0060	0x0BFD      	DECFSZ     R13, 1
0x0061	0x2860      	GOTO       L_moveToLeft16
0x0062	0x0BFC      	DECFSZ     R12, 1
0x0063	0x2860      	GOTO       L_moveToLeft16
0x0064	0x0000      	NOP
;MyProject.c,36 :: 		if(PORTB.RB0!=0 && PORTB.RB1 !=1){
0x0065	0x1C06      	BTFSS      PORTB, 0
0x0066	0x286A      	GOTO       L_moveToLeft19
0x0067	0x1886      	BTFSC      PORTB, 1
0x0068	0x286A      	GOTO       L_moveToLeft19
L__moveToLeft96:
;MyProject.c,37 :: 		return;
0x0069	0x28C9      	GOTO       L_end_moveToLeft
;MyProject.c,38 :: 		}
L_moveToLeft19:
;MyProject.c,40 :: 		PORTA.RA3=1;
0x006A	0x1585      	BSF        PORTA, 3
;MyProject.c,41 :: 		DELAY_MS(delay_value);     //RA3
0x006B	0x301A      	MOVLW      26
0x006C	0x00FC      	MOVWF      R12
0x006D	0x30F8      	MOVLW      248
0x006E	0x00FD      	MOVWF      R13
L_moveToLeft20:
0x006F	0x0BFD      	DECFSZ     R13, 1
0x0070	0x286F      	GOTO       L_moveToLeft20
0x0071	0x0BFC      	DECFSZ     R12, 1
0x0072	0x286F      	GOTO       L_moveToLeft20
0x0073	0x0000      	NOP
;MyProject.c,42 :: 		PORTA.RA3=0;
0x0074	0x1185      	BCF        PORTA, 3
;MyProject.c,43 :: 		DELAY_MS(delay_value);
0x0075	0x301A      	MOVLW      26
0x0076	0x00FC      	MOVWF      R12
0x0077	0x30F8      	MOVLW      248
0x0078	0x00FD      	MOVWF      R13
L_moveToLeft21:
0x0079	0x0BFD      	DECFSZ     R13, 1
0x007A	0x2879      	GOTO       L_moveToLeft21
0x007B	0x0BFC      	DECFSZ     R12, 1
0x007C	0x2879      	GOTO       L_moveToLeft21
0x007D	0x0000      	NOP
;MyProject.c,45 :: 		if(PORTB.RB0!=0 && PORTB.RB1 !=1){
0x007E	0x1C06      	BTFSS      PORTB, 0
0x007F	0x2883      	GOTO       L_moveToLeft24
0x0080	0x1886      	BTFSC      PORTB, 1
0x0081	0x2883      	GOTO       L_moveToLeft24
L__moveToLeft95:
;MyProject.c,46 :: 		return;
0x0082	0x28C9      	GOTO       L_end_moveToLeft
;MyProject.c,47 :: 		}
L_moveToLeft24:
;MyProject.c,49 :: 		PORTA.RA2=1;
0x0083	0x1505      	BSF        PORTA, 2
;MyProject.c,50 :: 		DELAY_MS(delay_value);       //RA2
0x0084	0x301A      	MOVLW      26
0x0085	0x00FC      	MOVWF      R12
0x0086	0x30F8      	MOVLW      248
0x0087	0x00FD      	MOVWF      R13
L_moveToLeft25:
0x0088	0x0BFD      	DECFSZ     R13, 1
0x0089	0x2888      	GOTO       L_moveToLeft25
0x008A	0x0BFC      	DECFSZ     R12, 1
0x008B	0x2888      	GOTO       L_moveToLeft25
0x008C	0x0000      	NOP
;MyProject.c,51 :: 		PORTA.RA2=0;
0x008D	0x1105      	BCF        PORTA, 2
;MyProject.c,52 :: 		DELAY_MS(delay_value);
0x008E	0x301A      	MOVLW      26
0x008F	0x00FC      	MOVWF      R12
0x0090	0x30F8      	MOVLW      248
0x0091	0x00FD      	MOVWF      R13
L_moveToLeft26:
0x0092	0x0BFD      	DECFSZ     R13, 1
0x0093	0x2892      	GOTO       L_moveToLeft26
0x0094	0x0BFC      	DECFSZ     R12, 1
0x0095	0x2892      	GOTO       L_moveToLeft26
0x0096	0x0000      	NOP
;MyProject.c,54 :: 		if(PORTB.RB0!=0 && PORTB.RB1 !=1){
0x0097	0x1C06      	BTFSS      PORTB, 0
0x0098	0x289C      	GOTO       L_moveToLeft29
0x0099	0x1886      	BTFSC      PORTB, 1
0x009A	0x289C      	GOTO       L_moveToLeft29
L__moveToLeft94:
;MyProject.c,55 :: 		return;
0x009B	0x28C9      	GOTO       L_end_moveToLeft
;MyProject.c,56 :: 		}
L_moveToLeft29:
;MyProject.c,58 :: 		PORTA.RA1=1;
0x009C	0x1485      	BSF        PORTA, 1
;MyProject.c,59 :: 		DELAY_MS(delay_value);       //RA1
0x009D	0x301A      	MOVLW      26
0x009E	0x00FC      	MOVWF      R12
0x009F	0x30F8      	MOVLW      248
0x00A0	0x00FD      	MOVWF      R13
L_moveToLeft30:
0x00A1	0x0BFD      	DECFSZ     R13, 1
0x00A2	0x28A1      	GOTO       L_moveToLeft30
0x00A3	0x0BFC      	DECFSZ     R12, 1
0x00A4	0x28A1      	GOTO       L_moveToLeft30
0x00A5	0x0000      	NOP
;MyProject.c,60 :: 		PORTA.RA1=0;
0x00A6	0x1085      	BCF        PORTA, 1
;MyProject.c,61 :: 		DELAY_MS(delay_value);
0x00A7	0x301A      	MOVLW      26
0x00A8	0x00FC      	MOVWF      R12
0x00A9	0x30F8      	MOVLW      248
0x00AA	0x00FD      	MOVWF      R13
L_moveToLeft31:
0x00AB	0x0BFD      	DECFSZ     R13, 1
0x00AC	0x28AB      	GOTO       L_moveToLeft31
0x00AD	0x0BFC      	DECFSZ     R12, 1
0x00AE	0x28AB      	GOTO       L_moveToLeft31
0x00AF	0x0000      	NOP
;MyProject.c,63 :: 		if(PORTB.RB0!=0 && PORTB.RB1 !=1){
0x00B0	0x1C06      	BTFSS      PORTB, 0
0x00B1	0x28B5      	GOTO       L_moveToLeft34
0x00B2	0x1886      	BTFSC      PORTB, 1
0x00B3	0x28B5      	GOTO       L_moveToLeft34
L__moveToLeft93:
;MyProject.c,64 :: 		return;
0x00B4	0x28C9      	GOTO       L_end_moveToLeft
;MyProject.c,65 :: 		}
L_moveToLeft34:
;MyProject.c,67 :: 		PORTA.RA0=1;
0x00B5	0x1405      	BSF        PORTA, 0
;MyProject.c,68 :: 		DELAY_MS(delay_value);     //RA0
0x00B6	0x301A      	MOVLW      26
0x00B7	0x00FC      	MOVWF      R12
0x00B8	0x30F8      	MOVLW      248
0x00B9	0x00FD      	MOVWF      R13
L_moveToLeft35:
0x00BA	0x0BFD      	DECFSZ     R13, 1
0x00BB	0x28BA      	GOTO       L_moveToLeft35
0x00BC	0x0BFC      	DECFSZ     R12, 1
0x00BD	0x28BA      	GOTO       L_moveToLeft35
0x00BE	0x0000      	NOP
;MyProject.c,69 :: 		PORTA.RA0=0;
0x00BF	0x1005      	BCF        PORTA, 0
;MyProject.c,70 :: 		DELAY_MS(delay_value);
0x00C0	0x301A      	MOVLW      26
0x00C1	0x00FC      	MOVWF      R12
0x00C2	0x30F8      	MOVLW      248
0x00C3	0x00FD      	MOVWF      R13
L_moveToLeft36:
0x00C4	0x0BFD      	DECFSZ     R13, 1
0x00C5	0x28C4      	GOTO       L_moveToLeft36
0x00C6	0x0BFC      	DECFSZ     R12, 1
0x00C7	0x28C4      	GOTO       L_moveToLeft36
0x00C8	0x0000      	NOP
;MyProject.c,71 :: 		}
L_end_moveToLeft:
0x00C9	0x0008      	RETURN
; end of _moveToLeft
_moveToRight:
;MyProject.c,72 :: 		void moveToRight(){
;MyProject.c,73 :: 		PORTA=0X00;
0x00CA	0x1283      	BCF        STATUS, 5
0x00CB	0x1303      	BCF        STATUS, 6
0x00CC	0x0185      	CLRF       PORTA
;MyProject.c,74 :: 		PORTA.RA0=1;
0x00CD	0x1405      	BSF        PORTA, 0
;MyProject.c,75 :: 		DELAY_MS(delay_value);     //RA0
0x00CE	0x301A      	MOVLW      26
0x00CF	0x00FC      	MOVWF      R12
0x00D0	0x30F8      	MOVLW      248
0x00D1	0x00FD      	MOVWF      R13
L_moveToRight37:
0x00D2	0x0BFD      	DECFSZ     R13, 1
0x00D3	0x28D2      	GOTO       L_moveToRight37
0x00D4	0x0BFC      	DECFSZ     R12, 1
0x00D5	0x28D2      	GOTO       L_moveToRight37
0x00D6	0x0000      	NOP
;MyProject.c,76 :: 		PORTA.RA0=0;
0x00D7	0x1005      	BCF        PORTA, 0
;MyProject.c,77 :: 		DELAY_MS(delay_value);
0x00D8	0x301A      	MOVLW      26
0x00D9	0x00FC      	MOVWF      R12
0x00DA	0x30F8      	MOVLW      248
0x00DB	0x00FD      	MOVWF      R13
L_moveToRight38:
0x00DC	0x0BFD      	DECFSZ     R13, 1
0x00DD	0x28DC      	GOTO       L_moveToRight38
0x00DE	0x0BFC      	DECFSZ     R12, 1
0x00DF	0x28DC      	GOTO       L_moveToRight38
0x00E0	0x0000      	NOP
;MyProject.c,80 :: 		if(PORTB.RB0!=0 && PORTB.RB1 !=0){
0x00E1	0x1C06      	BTFSS      PORTB, 0
0x00E2	0x28E6      	GOTO       L_moveToRight41
0x00E3	0x1C86      	BTFSS      PORTB, 1
0x00E4	0x28E6      	GOTO       L_moveToRight41
L__moveToRight106:
;MyProject.c,81 :: 		return;
0x00E5	0x2990      	GOTO       L_end_moveToRight
;MyProject.c,82 :: 		}
L_moveToRight41:
;MyProject.c,84 :: 		PORTA.RA1=1;
0x00E6	0x1485      	BSF        PORTA, 1
;MyProject.c,85 :: 		DELAY_MS(delay_value);       //RA1
0x00E7	0x301A      	MOVLW      26
0x00E8	0x00FC      	MOVWF      R12
0x00E9	0x30F8      	MOVLW      248
0x00EA	0x00FD      	MOVWF      R13
L_moveToRight42:
0x00EB	0x0BFD      	DECFSZ     R13, 1
0x00EC	0x28EB      	GOTO       L_moveToRight42
0x00ED	0x0BFC      	DECFSZ     R12, 1
0x00EE	0x28EB      	GOTO       L_moveToRight42
0x00EF	0x0000      	NOP
;MyProject.c,86 :: 		PORTA.RA1=0;
0x00F0	0x1085      	BCF        PORTA, 1
;MyProject.c,87 :: 		DELAY_MS(delay_value);
0x00F1	0x301A      	MOVLW      26
0x00F2	0x00FC      	MOVWF      R12
0x00F3	0x30F8      	MOVLW      248
0x00F4	0x00FD      	MOVWF      R13
L_moveToRight43:
0x00F5	0x0BFD      	DECFSZ     R13, 1
0x00F6	0x28F5      	GOTO       L_moveToRight43
0x00F7	0x0BFC      	DECFSZ     R12, 1
0x00F8	0x28F5      	GOTO       L_moveToRight43
0x00F9	0x0000      	NOP
;MyProject.c,89 :: 		if(PORTB.RB0 !=0 && PORTB.RB1 !=0){
0x00FA	0x1C06      	BTFSS      PORTB, 0
0x00FB	0x28FF      	GOTO       L_moveToRight46
0x00FC	0x1C86      	BTFSS      PORTB, 1
0x00FD	0x28FF      	GOTO       L_moveToRight46
L__moveToRight105:
;MyProject.c,90 :: 		return;
0x00FE	0x2990      	GOTO       L_end_moveToRight
;MyProject.c,91 :: 		}
L_moveToRight46:
;MyProject.c,93 :: 		PORTA.RA2=1;
0x00FF	0x1505      	BSF        PORTA, 2
;MyProject.c,94 :: 		DELAY_MS(delay_value);       //RA2
0x0100	0x301A      	MOVLW      26
0x0101	0x00FC      	MOVWF      R12
0x0102	0x30F8      	MOVLW      248
0x0103	0x00FD      	MOVWF      R13
L_moveToRight47:
0x0104	0x0BFD      	DECFSZ     R13, 1
0x0105	0x2904      	GOTO       L_moveToRight47
0x0106	0x0BFC      	DECFSZ     R12, 1
0x0107	0x2904      	GOTO       L_moveToRight47
0x0108	0x0000      	NOP
;MyProject.c,95 :: 		PORTA.RA2=0;
0x0109	0x1105      	BCF        PORTA, 2
;MyProject.c,96 :: 		DELAY_MS(delay_value);
0x010A	0x301A      	MOVLW      26
0x010B	0x00FC      	MOVWF      R12
0x010C	0x30F8      	MOVLW      248
0x010D	0x00FD      	MOVWF      R13
L_moveToRight48:
0x010E	0x0BFD      	DECFSZ     R13, 1
0x010F	0x290E      	GOTO       L_moveToRight48
0x0110	0x0BFC      	DECFSZ     R12, 1
0x0111	0x290E      	GOTO       L_moveToRight48
0x0112	0x0000      	NOP
;MyProject.c,98 :: 		if(PORTB.RB0 !=0 && PORTB.RB1 !=0){
0x0113	0x1C06      	BTFSS      PORTB, 0
0x0114	0x2918      	GOTO       L_moveToRight51
0x0115	0x1C86      	BTFSS      PORTB, 1
0x0116	0x2918      	GOTO       L_moveToRight51
L__moveToRight104:
;MyProject.c,99 :: 		return;
0x0117	0x2990      	GOTO       L_end_moveToRight
;MyProject.c,100 :: 		}
L_moveToRight51:
;MyProject.c,102 :: 		PORTA.RA3=1;
0x0118	0x1585      	BSF        PORTA, 3
;MyProject.c,103 :: 		DELAY_MS(delay_value);     //RA3
0x0119	0x301A      	MOVLW      26
0x011A	0x00FC      	MOVWF      R12
0x011B	0x30F8      	MOVLW      248
0x011C	0x00FD      	MOVWF      R13
L_moveToRight52:
0x011D	0x0BFD      	DECFSZ     R13, 1
0x011E	0x291D      	GOTO       L_moveToRight52
0x011F	0x0BFC      	DECFSZ     R12, 1
0x0120	0x291D      	GOTO       L_moveToRight52
0x0121	0x0000      	NOP
;MyProject.c,104 :: 		PORTA.RA3=0;
0x0122	0x1185      	BCF        PORTA, 3
;MyProject.c,105 :: 		DELAY_MS(delay_value);
0x0123	0x301A      	MOVLW      26
0x0124	0x00FC      	MOVWF      R12
0x0125	0x30F8      	MOVLW      248
0x0126	0x00FD      	MOVWF      R13
L_moveToRight53:
0x0127	0x0BFD      	DECFSZ     R13, 1
0x0128	0x2927      	GOTO       L_moveToRight53
0x0129	0x0BFC      	DECFSZ     R12, 1
0x012A	0x2927      	GOTO       L_moveToRight53
0x012B	0x0000      	NOP
;MyProject.c,107 :: 		if(PORTB.RB0 !=0 && PORTB.RB1 !=0){
0x012C	0x1C06      	BTFSS      PORTB, 0
0x012D	0x2931      	GOTO       L_moveToRight56
0x012E	0x1C86      	BTFSS      PORTB, 1
0x012F	0x2931      	GOTO       L_moveToRight56
L__moveToRight103:
;MyProject.c,108 :: 		return;
0x0130	0x2990      	GOTO       L_end_moveToRight
;MyProject.c,109 :: 		}
L_moveToRight56:
;MyProject.c,111 :: 		PORTA.RA4=1;
0x0131	0x1605      	BSF        PORTA, 4
;MyProject.c,112 :: 		DELAY_MS(delay_value);    //RA4
0x0132	0x301A      	MOVLW      26
0x0133	0x00FC      	MOVWF      R12
0x0134	0x30F8      	MOVLW      248
0x0135	0x00FD      	MOVWF      R13
L_moveToRight57:
0x0136	0x0BFD      	DECFSZ     R13, 1
0x0137	0x2936      	GOTO       L_moveToRight57
0x0138	0x0BFC      	DECFSZ     R12, 1
0x0139	0x2936      	GOTO       L_moveToRight57
0x013A	0x0000      	NOP
;MyProject.c,113 :: 		PORTA.RA4=0;
0x013B	0x1205      	BCF        PORTA, 4
;MyProject.c,114 :: 		DELAY_MS(delay_value);
0x013C	0x301A      	MOVLW      26
0x013D	0x00FC      	MOVWF      R12
0x013E	0x30F8      	MOVLW      248
0x013F	0x00FD      	MOVWF      R13
L_moveToRight58:
0x0140	0x0BFD      	DECFSZ     R13, 1
0x0141	0x2940      	GOTO       L_moveToRight58
0x0142	0x0BFC      	DECFSZ     R12, 1
0x0143	0x2940      	GOTO       L_moveToRight58
0x0144	0x0000      	NOP
;MyProject.c,116 :: 		if(PORTB.RB0 !=0 && PORTB.RB1 !=0){
0x0145	0x1C06      	BTFSS      PORTB, 0
0x0146	0x294A      	GOTO       L_moveToRight61
0x0147	0x1C86      	BTFSS      PORTB, 1
0x0148	0x294A      	GOTO       L_moveToRight61
L__moveToRight102:
;MyProject.c,117 :: 		return;
0x0149	0x2990      	GOTO       L_end_moveToRight
;MyProject.c,118 :: 		}
L_moveToRight61:
;MyProject.c,120 :: 		PORTA.RA5=1;
0x014A	0x1685      	BSF        PORTA, 5
;MyProject.c,121 :: 		DELAY_MS(delay_value);   // RA5
0x014B	0x301A      	MOVLW      26
0x014C	0x00FC      	MOVWF      R12
0x014D	0x30F8      	MOVLW      248
0x014E	0x00FD      	MOVWF      R13
L_moveToRight62:
0x014F	0x0BFD      	DECFSZ     R13, 1
0x0150	0x294F      	GOTO       L_moveToRight62
0x0151	0x0BFC      	DECFSZ     R12, 1
0x0152	0x294F      	GOTO       L_moveToRight62
0x0153	0x0000      	NOP
;MyProject.c,122 :: 		PORTA.RA5=0;
0x0154	0x1285      	BCF        PORTA, 5
;MyProject.c,123 :: 		DELAY_MS(delay_value);
0x0155	0x301A      	MOVLW      26
0x0156	0x00FC      	MOVWF      R12
0x0157	0x30F8      	MOVLW      248
0x0158	0x00FD      	MOVWF      R13
L_moveToRight63:
0x0159	0x0BFD      	DECFSZ     R13, 1
0x015A	0x2959      	GOTO       L_moveToRight63
0x015B	0x0BFC      	DECFSZ     R12, 1
0x015C	0x2959      	GOTO       L_moveToRight63
0x015D	0x0000      	NOP
;MyProject.c,125 :: 		if(PORTB.RB0 !=0 && PORTB.RB1!=0){
0x015E	0x1C06      	BTFSS      PORTB, 0
0x015F	0x2963      	GOTO       L_moveToRight66
0x0160	0x1C86      	BTFSS      PORTB, 1
0x0161	0x2963      	GOTO       L_moveToRight66
L__moveToRight101:
;MyProject.c,126 :: 		return;
0x0162	0x2990      	GOTO       L_end_moveToRight
;MyProject.c,127 :: 		}
L_moveToRight66:
;MyProject.c,129 :: 		PORTA.RA6=1;
0x0163	0x1705      	BSF        PORTA, 6
;MyProject.c,130 :: 		DELAY_MS(delay_value);  // RA6
0x0164	0x301A      	MOVLW      26
0x0165	0x00FC      	MOVWF      R12
0x0166	0x30F8      	MOVLW      248
0x0167	0x00FD      	MOVWF      R13
L_moveToRight67:
0x0168	0x0BFD      	DECFSZ     R13, 1
0x0169	0x2968      	GOTO       L_moveToRight67
0x016A	0x0BFC      	DECFSZ     R12, 1
0x016B	0x2968      	GOTO       L_moveToRight67
0x016C	0x0000      	NOP
;MyProject.c,131 :: 		PORTA.RA6=0;
0x016D	0x1305      	BCF        PORTA, 6
;MyProject.c,132 :: 		DELAY_MS(delay_value);
0x016E	0x301A      	MOVLW      26
0x016F	0x00FC      	MOVWF      R12
0x0170	0x30F8      	MOVLW      248
0x0171	0x00FD      	MOVWF      R13
L_moveToRight68:
0x0172	0x0BFD      	DECFSZ     R13, 1
0x0173	0x2972      	GOTO       L_moveToRight68
0x0174	0x0BFC      	DECFSZ     R12, 1
0x0175	0x2972      	GOTO       L_moveToRight68
0x0176	0x0000      	NOP
;MyProject.c,134 :: 		if(PORTB.RB0 !=0 && PORTB.RB1 !=0){
0x0177	0x1C06      	BTFSS      PORTB, 0
0x0178	0x297C      	GOTO       L_moveToRight71
0x0179	0x1C86      	BTFSS      PORTB, 1
0x017A	0x297C      	GOTO       L_moveToRight71
L__moveToRight100:
;MyProject.c,135 :: 		return;
0x017B	0x2990      	GOTO       L_end_moveToRight
;MyProject.c,136 :: 		}
L_moveToRight71:
;MyProject.c,138 :: 		PORTA.RA7=1;
0x017C	0x1785      	BSF        PORTA, 7
;MyProject.c,139 :: 		DELAY_MS(delay_value);   //RA7
0x017D	0x301A      	MOVLW      26
0x017E	0x00FC      	MOVWF      R12
0x017F	0x30F8      	MOVLW      248
0x0180	0x00FD      	MOVWF      R13
L_moveToRight72:
0x0181	0x0BFD      	DECFSZ     R13, 1
0x0182	0x2981      	GOTO       L_moveToRight72
0x0183	0x0BFC      	DECFSZ     R12, 1
0x0184	0x2981      	GOTO       L_moveToRight72
0x0185	0x0000      	NOP
;MyProject.c,140 :: 		PORTA.RA7=0;
0x0186	0x1385      	BCF        PORTA, 7
;MyProject.c,141 :: 		DELAY_MS(delay_value);
0x0187	0x301A      	MOVLW      26
0x0188	0x00FC      	MOVWF      R12
0x0189	0x30F8      	MOVLW      248
0x018A	0x00FD      	MOVWF      R13
L_moveToRight73:
0x018B	0x0BFD      	DECFSZ     R13, 1
0x018C	0x298B      	GOTO       L_moveToRight73
0x018D	0x0BFC      	DECFSZ     R12, 1
0x018E	0x298B      	GOTO       L_moveToRight73
0x018F	0x0000      	NOP
;MyProject.c,142 :: 		}
L_end_moveToRight:
0x0190	0x0008      	RETURN
; end of _moveToRight
_justTurnOn:
;MyProject.c,144 :: 		void justTurnOn(){
;MyProject.c,145 :: 		PORTA=0XFF;
0x0191	0x30FF      	MOVLW      255
0x0192	0x1283      	BCF        STATUS, 5
0x0193	0x1303      	BCF        STATUS, 6
0x0194	0x0085      	MOVWF      PORTA
;MyProject.c,146 :: 		}
L_end_justTurnOn:
0x0195	0x0008      	RETURN
; end of _justTurnOn
_JustFlush:
;MyProject.c,148 :: 		void JustFlush(){
;MyProject.c,149 :: 		PORTA=0XFF;
0x0196	0x30FF      	MOVLW      255
0x0197	0x1283      	BCF        STATUS, 5
0x0198	0x1303      	BCF        STATUS, 6
0x0199	0x0085      	MOVWF      PORTA
;MyProject.c,150 :: 		DELAY_MS(delay_value);
0x019A	0x301A      	MOVLW      26
0x019B	0x00FC      	MOVWF      R12
0x019C	0x30F8      	MOVLW      248
0x019D	0x00FD      	MOVWF      R13
L_JustFlush74:
0x019E	0x0BFD      	DECFSZ     R13, 1
0x019F	0x299E      	GOTO       L_JustFlush74
0x01A0	0x0BFC      	DECFSZ     R12, 1
0x01A1	0x299E      	GOTO       L_JustFlush74
0x01A2	0x0000      	NOP
;MyProject.c,151 :: 		PORTA=0X00;
0x01A3	0x0185      	CLRF       PORTA
;MyProject.c,152 :: 		DELAY_MS(delay_value);
0x01A4	0x301A      	MOVLW      26
0x01A5	0x00FC      	MOVWF      R12
0x01A6	0x30F8      	MOVLW      248
0x01A7	0x00FD      	MOVWF      R13
L_JustFlush75:
0x01A8	0x0BFD      	DECFSZ     R13, 1
0x01A9	0x29A8      	GOTO       L_JustFlush75
0x01AA	0x0BFC      	DECFSZ     R12, 1
0x01AB	0x29A8      	GOTO       L_JustFlush75
0x01AC	0x0000      	NOP
;MyProject.c,153 :: 		}
L_end_JustFlush:
0x01AD	0x0008      	RETURN
; end of _JustFlush
_main:
;MyProject.c,154 :: 		void main() {
;MyProject.c,155 :: 		TRISB=0XFF;
0x01AE	0x30FF      	MOVLW      255
0x01AF	0x1683      	BSF        STATUS, 5
0x01B0	0x1303      	BCF        STATUS, 6
0x01B1	0x0086      	MOVWF      TRISB
;MyProject.c,156 :: 		TRISA=0X00;
0x01B2	0x0185      	CLRF       TRISA
;MyProject.c,157 :: 		ANSEL=ANSELH=0X00;
0x01B3	0x1703      	BSF        STATUS, 6
0x01B4	0x0189      	CLRF       ANSELH
0x01B5	0x0188      	CLRF       ANSEL
;MyProject.c,159 :: 		while(1){
L_main76:
;MyProject.c,160 :: 		if(PORTB.RB0==0 && PORTB.RB1==0){
0x01B6	0x1283      	BCF        STATUS, 5
0x01B7	0x1303      	BCF        STATUS, 6
0x01B8	0x1806      	BTFSC      PORTB, 0
0x01B9	0x29BE      	GOTO       L_main80
0x01BA	0x1886      	BTFSC      PORTB, 1
0x01BB	0x29BE      	GOTO       L_main80
L__main110:
;MyProject.c,161 :: 		;     moveToRight();
0x01BC	0x20CA      	CALL       _moveToRight
;MyProject.c,162 :: 		}
0x01BD	0x29CF      	GOTO       L_main81
L_main80:
;MyProject.c,163 :: 		else if(PORTB.RB0==0 && PORTB.RB1 ==1){
0x01BE	0x1806      	BTFSC      PORTB, 0
0x01BF	0x29C4      	GOTO       L_main84
0x01C0	0x1C86      	BTFSS      PORTB, 1
0x01C1	0x29C4      	GOTO       L_main84
L__main109:
;MyProject.c,164 :: 		moveToLeft();
0x01C2	0x2003      	CALL       _moveToLeft
;MyProject.c,165 :: 		}
0x01C3	0x29CF      	GOTO       L_main85
L_main84:
;MyProject.c,166 :: 		else if(PORTB.RB0==1 && PORTB.RB1 ==0){
0x01C4	0x1C06      	BTFSS      PORTB, 0
0x01C5	0x29CA      	GOTO       L_main88
0x01C6	0x1886      	BTFSC      PORTB, 1
0x01C7	0x29CA      	GOTO       L_main88
L__main108:
;MyProject.c,167 :: 		justTurnOn();
0x01C8	0x2191      	CALL       _justTurnOn
;MyProject.c,168 :: 		}
0x01C9	0x29CF      	GOTO       L_main89
L_main88:
;MyProject.c,169 :: 		else if(PORTB.RB0==1 && PORTB.RB1 ==1){
0x01CA	0x1C06      	BTFSS      PORTB, 0
0x01CB	0x29CF      	GOTO       L_main92
0x01CC	0x1C86      	BTFSS      PORTB, 1
0x01CD	0x29CF      	GOTO       L_main92
L__main107:
;MyProject.c,170 :: 		JustFlush();
0x01CE	0x2196      	CALL       _JustFlush
;MyProject.c,171 :: 		}
L_main92:
L_main89:
L_main85:
L_main81:
;MyProject.c,172 :: 		}
0x01CF	0x29B6      	GOTO       L_main76
;MyProject.c,173 :: 		}
L_end_main:
0x01D0	0x29D0      	GOTO       $+0
; end of _main
Symbol List:
//** Routines locations **
//ADDRESS    SIZE    PROCEDURE
//----------------------------------------------
0x0003     [199]    _moveToLeft
0x00CA     [199]    _moveToRight
0x0191       [5]    _justTurnOn
0x0196      [24]    _JustFlush
0x01AE      [35]    _main
//** Variables locations ** 
//ADDRESS    SIZE    VARIABLE
//----------------------------------------------
0x0000       [1]    INDF
0x0003       [1]    STATUS
0x0004       [1]    FSR
0x0005       [1]    PORTA
0x0006       [1]    PORTB
0x000A       [1]    PCLATH
0x0020       [2]    ___DoICPAddr
0x0070       [1]    R0
0x0071       [1]    R1
0x0072       [1]    R2
0x0073       [1]    R3
0x0074       [1]    R4
0x0075       [1]    R5
0x0076       [1]    R6
0x0077       [1]    R7
0x0078       [1]    R8
0x0079       [1]    R9
0x007A       [1]    R10
0x007B       [1]    R11
0x007C       [1]    R12
0x007D       [1]    R13
0x007E       [1]    R14
0x007F       [1]    R15
0x0085       [1]    TRISA
0x0086       [1]    TRISB
0x0188       [1]    ANSEL
0x0189       [1]    ANSELH
